DEBUG 2015-04-28 16:46:18,334: 	 Executing command: 'submit'
DEBUG 2015-04-28 16:46:18,335: 	 Found /uscms/home/bparida/.crab3 file
DEBUG 2015-04-28 16:46:18,345: 	 Checking credentials
DEBUG 2015-04-28 16:46:18,345: 	 Found proxy file /tmp/x509up_u47333
DEBUG 2015-04-28 16:46:18,345: 	 Getting proxy life time left
DEBUG 2015-04-28 16:46:18,448: 	 Executing : 
 command : voms-proxy-info -file /tmp/x509up_u47333 -timeleft
 output : 30105

 error: 
 retcode : 0
DEBUG 2015-04-28 16:46:18,551: 	 Executing : 
 command : voms-proxy-info -file /tmp/x509up_u47333 -actimeleft
 output : 30105

 error: 
 retcode : 0
DEBUG 2015-04-28 16:46:18,552: 	 Proxy valid for 08:21:45 hours
INFO 2015-04-28 16:46:18,552: 	 Will use configuration file ZhToBB_crab.py.
DEBUG 2015-04-28 16:46:18,552: 	 Loading configuration
DEBUG 2015-04-28 16:46:18,568: 	 Will use CRAB Analysis plugin (i.e. will run an analysis job type).
DEBUG 2015-04-28 16:46:18,690: 	 Executing : 
 command : openssl x509 -in ~/.globus/usercert.pem -subject -noout
 output : subject= /C=TW/O=AP/OU=GRID/CN=Bibhuti Parida 158514

 error: WARNING: can't open config file: /build/dmwmbld/srv/state/dmwmbld/builds/comp_gcc481/w/tmp/BUILDROOT/779a792f862039a4ebba572299ebbb36/build/dmwmbld/srv/state/dmwmbld/builds/comp_gcc481/w/slc6_amd64_gcc481/external/openssl/1.0.1m-comp/ssl/openssl.cnf

 retcode : 0
DEBUG 2015-04-28 16:46:18,691: 	 Checking credentials
DEBUG 2015-04-28 16:46:18,691: 	 Found proxy file /tmp/x509up_u47333
DEBUG 2015-04-28 16:46:18,691: 	 Getting proxy life time left
DEBUG 2015-04-28 16:46:18,798: 	 Executing : 
 command : voms-proxy-info -file /tmp/x509up_u47333 -timeleft
 output : 30105

 error: 
 retcode : 0
DEBUG 2015-04-28 16:46:18,901: 	 Executing : 
 command : voms-proxy-info -file /tmp/x509up_u47333 -actimeleft
 output : 30105

 error: 
 retcode : 0
DEBUG 2015-04-28 16:46:18,901: 	 Proxy valid for 08:21:45 hours
DEBUG 2015-04-28 16:46:19,004: 	 Executing : 
 command : env X509_USER_PROXY=/tmp/x509up_u47333 voms-proxy-info -fqan
 output : /cms/Role=NULL/Capability=NULL

 error: 
 retcode : 0
DEBUG 2015-04-28 16:46:20,351: 	 Registering user credentials for server /DC=ch/DC=cern/OU=computers/CN=vocms(3[136]|21|045|052|021|031).cern.ch
DEBUG 2015-04-28 16:46:20,458: 	 Executing : 
 command : openssl x509 -in ~/.globus/usercert.pem -subject -noout
 output : subject= /C=TW/O=AP/OU=GRID/CN=Bibhuti Parida 158514

 error: WARNING: can't open config file: /build/dmwmbld/srv/state/dmwmbld/builds/comp_gcc481/w/tmp/BUILDROOT/779a792f862039a4ebba572299ebbb36/build/dmwmbld/srv/state/dmwmbld/builds/comp_gcc481/w/slc6_amd64_gcc481/external/openssl/1.0.1m-comp/ssl/openssl.cnf

 retcode : 0
DEBUG 2015-04-28 16:46:20,458: 	 Getting myproxy life time left for myproxy.cern.ch
DEBUG 2015-04-28 16:46:20,458: 	 Calculating hash of /C=TW/O=AP/OU=GRID/CN=Bibhuti Parida 158514_cmsweb.cern.ch for credential name
DEBUG 2015-04-28 16:46:21,664: 	 Executing : 
 command : myproxy-info -l 272d01933f87a0b483da744cd7ecec278e81b2db -s myproxy.cern.ch
 output : username: 272d01933f87a0b483da744cd7ecec278e81b2db
owner: /C=TW/O=AP/OU=GRID/CN=Bibhuti Parida 158514
  renewal policy: /DC=ch/DC=cern/OU=computers/CN=vocms(3[136]|21|045|052|021|031).cern.ch
  trusted retrieval policy: /DC=ch/DC=cern/OU=computers/CN=vocms(3[136]|21|045|052|021|031).cern.ch
  timeleft: 692:23:11  (28.8 days)

 error: 
 retcode : 0
DEBUG 2015-04-28 16:46:21,666: 	 Myproxy is valid: 2492591
DEBUG 2015-04-28 16:46:21,666: 	 Command use: submit
DEBUG 2015-04-28 16:46:21,667: 	 Options use: ['ZhToBB_crab.py']
DEBUG 2015-04-28 16:46:22,875: 	 CRABClient version: 3.3.15.patch1 Compatible
DEBUG 2015-04-28 16:46:22,875: 	 Instance is prod
DEBUG 2015-04-28 16:46:22,875: 	 Server base url is cmsweb.cern.ch
DEBUG 2015-04-28 16:46:22,875: 	 Command url /crabserver/prod/workflow
DEBUG 2015-04-28 16:46:22,875: 	 Started submission
DEBUG 2015-04-28 16:46:22,875: 	 Working on ./crab_zh_without_file
DEBUG 2015-04-28 16:46:24,320: 	 Found CMSSW_7_3_1_patch2 for slc6_amd64_gcc481 with base /uscms_data/d3/bparida/VHbb/new_receipe/miniAOD_Analysis/Correction/CMSSW_7_3_1_patch2
DEBUG 2015-04-28 16:46:24,343: 	 UNIQUE NAME: tarUUID 07f56d2f-1d00-4eef-b5b1-d8e814bca16f 
DEBUG 2015-04-28 16:46:24,344: 	 self.config: from WMCore.Configuration import Configuration
config = Configuration()
config.section_('General')
config.General.transferLogs = True
config.General.requestName = 'zh_without_file'
config.section_('JobType')
config.JobType.psetName = 'ConfFile_cfg.py'
config.JobType.pluginName = 'Analysis'
config.JobType.allowNonProductionCMSSW = True
config.section_('Data')
config.Data.inputDataset = '/ZH_HToBB_ZToLL_M-125_13TeV_powheg-herwigpp/Phys14DR-PU20bx25_tsg_PHYS14_25_V1-v1/MINIAODSIM'
config.Data.outLFN = '/store/user/bparida/test_job/new/'
config.Data.publishDBS = 'https://cmsweb.cern.ch/dbs/prod/phys03/DBSWriter/'
config.Data.publication = True
config.Data.unitsPerJob = 1
config.Data.ignoreLocality = True
config.Data.inputDBS = 'https://cmsweb.cern.ch/dbs/prod/phys03/DBSReader/'
config.Data.splitting = 'FileBased'
config.Data.publishDataName = 'ZH_without_file'
config.section_('Site')
config.Site.storageSite = 'T3_US_FNALLPC'

DEBUG 2015-04-28 16:46:24,344: 	 self.config.JobType.psetName: ConfFile_cfg.py
DEBUG 2015-04-28 16:46:24,344: 	 Importing CMSSW config ConfFile_cfg.py
DEBUG 2015-04-28 16:46:24,459: 	 The following EDM output files will be collected: []
DEBUG 2015-04-28 16:46:24,459: 	 The following TFile output files will be collected: ['output.root']
DEBUG 2015-04-28 16:46:24,460: 	 The following user output files will be collected: []
DEBUG 2015-04-28 16:46:24,460: 	 Writing CMSSW config to ./crab_zh_without_file/inputs/CMSSW_cfg.py
DEBUG 2015-04-28 16:46:24,473: 	 Found CMSSW_7_3_1_patch2 for slc6_amd64_gcc481 with base /uscms_data/d3/bparida/VHbb/new_receipe/miniAOD_Analysis/Correction/CMSSW_7_3_1_patch2
DEBUG 2015-04-28 16:46:24,473: 	 Making tarball in ./crab_zh_without_file/inputs/07f56d2f-1d00-4eef-b5b1-d8e814bca16fdefault.tgz
DEBUG 2015-04-28 16:46:24,474: 	  checking directory /uscms_data/d3/bparida/VHbb/new_receipe/miniAOD_Analysis/Correction/CMSSW_7_3_1_patch2/lib
DEBUG 2015-04-28 16:46:24,474: 	  adding directory /uscms_data/d3/bparida/VHbb/new_receipe/miniAOD_Analysis/Correction/CMSSW_7_3_1_patch2/lib to tarball
DEBUG 2015-04-28 16:46:25,057: 	  checking directory /uscms_data/d3/bparida/VHbb/new_receipe/miniAOD_Analysis/Correction/CMSSW_7_3_1_patch2/module
DEBUG 2015-04-28 16:46:25,680: 	 tgz contents: [('lib', 0, 1430253573, 'bparida'), ('lib/slc6_amd64_gcc481', 0, 1430253636, 'bparida'), ('lib/slc6_amd64_gcc481/pluginTestMiniAnalyzerAuto.so', 120810, 1430253594, 'bparida'), ('lib/slc6_amd64_gcc481/TestMiniAnalyzerAuto.edmplugin', 37, 1430253594, 'bparida'), ('lib/slc6_amd64_gcc481/libHbbHbbProducer.so', 1581312, 1430253621, 'bparida'), ('lib/slc6_amd64_gcc481/pluginHbbHbbProducerAuto.so', 532584, 1430253630, 'bparida'), ('lib/slc6_amd64_gcc481/HbbHbbProducerAuto.edmplugin', 35, 1430253630, 'bparida'), ('lib/slc6_amd64_gcc481/pluginHbbHbbProducerCapabilities.so', 14934, 1430253632, 'bparida'), ('lib/slc6_amd64_gcc481/HbbHbbProducerCapabilities.edmplugin', 43, 1430253632, 'bparida'), ('lib/slc6_amd64_gcc481/.poisonededmplugincache', 0, 1430253634, 'bparida'), ('lib/slc6_amd64_gcc481/.edmplugincache', 4230, 1430253636, 'bparida'), ('PSet.py', 101, 1430257584, 'bparida'), ('PSet.pkl', 8407, 1430257584, 'bparida'), ('debug/originalPSet.py', 5200, 1430257317, 'bparida'), ('debug/crabConfig.py', 935, 1430257585, 'bparida')]
DEBUG 2015-04-28 16:46:25,680: 	 MD5 checksum: c675a238be7bda6bdf77b419a1dbe731
DEBUG 2015-04-28 16:46:25,682: 	  uploading archive to cache /uscms_data/d3/bparida/VHbb/new_receipe/miniAOD_Analysis/Correction/CMSSW_7_3_1_patch2/src/Test/MiniAnalyzer/crab_zh_without_file/inputs/07f56d2f-1d00-4eef-b5b1-d8e814bca16fdefault.tgz 
DEBUG 2015-04-28 16:46:28,318: 	 Result uploading input files: ('9e1e7f3aa74ac86d47d90d188e4cece7b46d8efbcb8559dbe95bec84da374705.tar.gz', 'c675a238be7bda6bdf77b419a1dbe731') 
WARNING 2015-04-28 16:46:28,319: 	 Warning: The following output files will not be published, as they are not EDM files: ['output.root']
INFO 2015-04-28 16:46:28,319: 	 Sending the request to the server
DEBUG 2015-04-28 16:46:28,319: 	 Submitting {'ignorelocality': 1, 'savelogsflag': 1, 'useparent': 0, 'asyncdest': 'T3_US_FNALLPC', 'algoargs': 1, 'cachefilename': '9e1e7f3aa74ac86d47d90d188e4cece7b46d8efbcb8559dbe95bec84da374705.tar.gz', 'addoutputfiles': [], 'generator': 'pythia', 'publishdbsurl': 'https://cmsweb.cern.ch/dbs/prod/phys03/DBSWriter', 'jobsw': 'CMSSW_7_3_1_patch2', 'edmoutfiles': [], 'cacheurl': 'https://cmsweb.cern.ch/crabcache', 'inputdata': '/ZH_HToBB_ZToLL_M-125_13TeV_powheg-herwigpp/Phys14DR-PU20bx25_tsg_PHYS14_25_V1-v1/MINIAODSIM', 'lfn': '/store/user/bparida/test_job/new/', 'dryrun': 0, 'workflow': 'crab_zh_without_file', 'adduserfiles': [], 'publishname': 'ZH_without_file-c675a238be7bda6bdf77b419a1dbe731', 'nonprodsw': 1, 'tfileoutfiles': ['output.root'], 'oneEventMode': 0, 'saveoutput': 1, 'publication': 1, 'jobarch': 'slc6_amd64_gcc481', 'totalunits': 0, 'splitalgo': 'FileBased', 'dbsurl': 'https://cmsweb.cern.ch/dbs/prod/phys03/DBSReader', 'jobtype': 'Analysis'} 
DEBUG 2015-04-28 16:46:28,319: 	 Encoded submit request: ignorelocality=1&savelogsflag=1&useparent=0&asyncdest=T3_US_FNALLPC&algoargs=1&cachefilename=9e1e7f3aa74ac86d47d90d188e4cece7b46d8efbcb8559dbe95bec84da374705.tar.gz&generator=pythia&publishdbsurl=https%3A%2F%2Fcmsweb.cern.ch%2Fdbs%2Fprod%2Fphys03%2FDBSWriter&jobsw=CMSSW_7_3_1_patch2&cacheurl=https%3A%2F%2Fcmsweb.cern.ch%2Fcrabcache&inputdata=%2FZH_HToBB_ZToLL_M-125_13TeV_powheg-herwigpp%2FPhys14DR-PU20bx25_tsg_PHYS14_25_V1-v1%2FMINIAODSIM&lfn=%2Fstore%2Fuser%2Fbparida%2Ftest_job%2Fnew%2F&dryrun=0&workflow=crab_zh_without_file&publishname=ZH_without_file-c675a238be7bda6bdf77b419a1dbe731&nonprodsw=1&oneEventMode=0&saveoutput=1&publication=1&jobarch=slc6_amd64_gcc481&totalunits=0&splitalgo=FileBased&dbsurl=https%3A%2F%2Fcmsweb.cern.ch%2Fdbs%2Fprod%2Fphys03%2FDBSReader&jobtype=Analysis&tfileoutfiles=output.root
DEBUG 2015-04-28 16:46:29,659: 	 Result: {'result': [{'RequestName': '150428_214629:bparida_crab_zh_without_file'}]}
INFO 2015-04-28 16:46:29,931: 	 Success: Your task has been delivered to the CRAB3 server.
INFO 2015-04-28 16:46:29,931: 	 Task name: 150428_214629:bparida_crab_zh_without_file
INFO 2015-04-28 16:46:29,931: 	 Please use 'crab status' to check how the submission process proceeds
DEBUG 2015-04-28 16:46:29,931: 	 About to return
DEBUG 2015-04-28 16:57:19,278: 	 Executing command: 'status'
DEBUG 2015-04-28 16:57:19,278: 	 Found /uscms/home/bparida/.crab3 file
DEBUG 2015-04-28 16:57:19,286: 	 Checking credentials
DEBUG 2015-04-28 16:57:19,286: 	 Found proxy file /tmp/x509up_u47333
DEBUG 2015-04-28 16:57:19,286: 	 Getting proxy life time left
DEBUG 2015-04-28 16:57:19,389: 	 Executing : 
 command : voms-proxy-info -file /tmp/x509up_u47333 -timeleft
 output : 29444

 error: 
 retcode : 0
DEBUG 2015-04-28 16:57:19,492: 	 Executing : 
 command : voms-proxy-info -file /tmp/x509up_u47333 -actimeleft
 output : 29444

 error: 
 retcode : 0
DEBUG 2015-04-28 16:57:19,493: 	 Proxy valid for 08:10:44 hours
DEBUG 2015-04-28 16:57:19,608: 	 Executing : 
 command : openssl x509 -in ~/.globus/usercert.pem -subject -noout
 output : subject= /C=TW/O=AP/OU=GRID/CN=Bibhuti Parida 158514

 error: WARNING: can't open config file: /build/dmwmbld/srv/state/dmwmbld/builds/comp_gcc481/w/tmp/BUILDROOT/779a792f862039a4ebba572299ebbb36/build/dmwmbld/srv/state/dmwmbld/builds/comp_gcc481/w/slc6_amd64_gcc481/external/openssl/1.0.1m-comp/ssl/openssl.cnf

 retcode : 0
DEBUG 2015-04-28 16:57:19,608: 	 Checking credentials
DEBUG 2015-04-28 16:57:19,608: 	 Found proxy file /tmp/x509up_u47333
DEBUG 2015-04-28 16:57:19,608: 	 Getting proxy life time left
DEBUG 2015-04-28 16:57:19,711: 	 Executing : 
 command : voms-proxy-info -file /tmp/x509up_u47333 -timeleft
 output : 29444

 error: 
 retcode : 0
DEBUG 2015-04-28 16:57:19,814: 	 Executing : 
 command : voms-proxy-info -file /tmp/x509up_u47333 -actimeleft
 output : 29444

 error: 
 retcode : 0
DEBUG 2015-04-28 16:57:19,815: 	 Proxy valid for 08:10:44 hours
DEBUG 2015-04-28 16:57:19,917: 	 Executing : 
 command : env X509_USER_PROXY=/tmp/x509up_u47333 voms-proxy-info -fqan
 output : /cms/Role=NULL/Capability=NULL

 error: 
 retcode : 0
DEBUG 2015-04-28 16:57:21,149: 	 Registering user credentials for server /DC=ch/DC=cern/OU=computers/CN=vocms(3[136]|21|045|052|021|031).cern.ch
DEBUG 2015-04-28 16:57:21,258: 	 Executing : 
 command : openssl x509 -in ~/.globus/usercert.pem -subject -noout
 output : subject= /C=TW/O=AP/OU=GRID/CN=Bibhuti Parida 158514

 error: WARNING: can't open config file: /build/dmwmbld/srv/state/dmwmbld/builds/comp_gcc481/w/tmp/BUILDROOT/779a792f862039a4ebba572299ebbb36/build/dmwmbld/srv/state/dmwmbld/builds/comp_gcc481/w/slc6_amd64_gcc481/external/openssl/1.0.1m-comp/ssl/openssl.cnf

 retcode : 0
DEBUG 2015-04-28 16:57:21,258: 	 Getting myproxy life time left for myproxy.cern.ch
DEBUG 2015-04-28 16:57:21,258: 	 Calculating hash of /C=TW/O=AP/OU=GRID/CN=Bibhuti Parida 158514_cmsweb.cern.ch for credential name
DEBUG 2015-04-28 16:57:22,263: 	 Executing : 
 command : myproxy-info -l 272d01933f87a0b483da744cd7ecec278e81b2db -s myproxy.cern.ch
 output : username: 272d01933f87a0b483da744cd7ecec278e81b2db
owner: /C=TW/O=AP/OU=GRID/CN=Bibhuti Parida 158514
  renewal policy: /DC=ch/DC=cern/OU=computers/CN=vocms(3[136]|21|045|052|021|031).cern.ch
  trusted retrieval policy: /DC=ch/DC=cern/OU=computers/CN=vocms(3[136]|21|045|052|021|031).cern.ch
  timeleft: 692:12:10  (28.8 days)

 error: 
 retcode : 0
DEBUG 2015-04-28 16:57:22,265: 	 Myproxy is valid: 2491930
DEBUG 2015-04-28 16:57:22,265: 	 Command use: status
DEBUG 2015-04-28 16:57:22,265: 	 Options use: ['crab_zh_without_file']
DEBUG 2015-04-28 16:57:23,497: 	 CRABClient version: 3.3.15.patch1 Compatible
DEBUG 2015-04-28 16:57:23,497: 	 Instance is prod
DEBUG 2015-04-28 16:57:23,497: 	 Server base url is cmsweb.cern.ch
DEBUG 2015-04-28 16:57:23,497: 	 Command url /crabserver/prod/workflow
DEBUG 2015-04-28 16:57:23,498: 	 Looking up detailed status of task 150428_214629:bparida_crab_zh_without_file
DEBUG 2015-04-28 16:57:25,781: 	 {'status': 'SUBMITTED', 'saveLogs': 'T', 'jobsPerStatus': {'running': 5}, 'jobs': {'1': {'State': 'running'}, '3': {'State': 'running'}, '2': {'State': 'running'}, '5': {'State': 'running'}, '4': {'State': 'running'}}, 'publication': {}, 'taskWarningMsg': [], 'taskFailureMsg': '', 'failedJobdefs': 0, 'ASOURL': 'https://cmsweb.cern.ch/couchdb', 'pool': {}, 'totalJobdefs': 0, 'jobSetID': '150428_214629:bparida_crab_zh_without_file', 'jobdefErrors': [], 'outdatasets': None, 'jobList': [['running', 1], ['running', 3], ['running', 2], ['running', 5], ['running', 4]]}
INFO 2015-04-28 16:57:25,781: 	 Task name:			150428_214629:bparida_crab_zh_without_file
INFO 2015-04-28 16:57:25,781: 	 Task status:			SUBMITTED
INFO 2015-04-28 16:57:25,781: 	 Glidemon monitoring URL:	http://glidemon.web.cern.ch/glidemon/jobs.php?taskname=150428_214629%3Abparida_crab_zh_without_file
INFO 2015-04-28 16:57:25,781: 	 Dashboard monitoring URL:	http://dashb-cms-job.cern.ch/dashboard/templates/task-analysis/#user=crab&refresh=0&table=Jobs&p=1&records=25&activemenu=2&status=&site=&tid=150428_214629%3Abparida_crab_zh_without_file
INFO 2015-04-28 16:57:25,782: 	 Details:			running       100.0% (5/5)
DEBUG 2015-04-28 17:29:06,616: 	 Executing command: 'status'
DEBUG 2015-04-28 17:29:06,617: 	 Found /uscms/home/bparida/.crab3 file
DEBUG 2015-04-28 17:29:06,624: 	 Checking credentials
DEBUG 2015-04-28 17:29:06,625: 	 Found proxy file /tmp/x509up_u47333
DEBUG 2015-04-28 17:29:06,625: 	 Getting proxy life time left
DEBUG 2015-04-28 17:29:06,728: 	 Executing : 
 command : voms-proxy-info -file /tmp/x509up_u47333 -timeleft
 output : 27537

 error: 
 retcode : 0
DEBUG 2015-04-28 17:29:06,831: 	 Executing : 
 command : voms-proxy-info -file /tmp/x509up_u47333 -actimeleft
 output : 27537

 error: 
 retcode : 0
DEBUG 2015-04-28 17:29:06,831: 	 Proxy valid for 07:38:57 hours
DEBUG 2015-04-28 17:29:06,943: 	 Executing : 
 command : openssl x509 -in ~/.globus/usercert.pem -subject -noout
 output : subject= /C=TW/O=AP/OU=GRID/CN=Bibhuti Parida 158514

 error: WARNING: can't open config file: /build/dmwmbld/srv/state/dmwmbld/builds/comp_gcc481/w/tmp/BUILDROOT/779a792f862039a4ebba572299ebbb36/build/dmwmbld/srv/state/dmwmbld/builds/comp_gcc481/w/slc6_amd64_gcc481/external/openssl/1.0.1m-comp/ssl/openssl.cnf

 retcode : 0
DEBUG 2015-04-28 17:29:06,944: 	 Checking credentials
DEBUG 2015-04-28 17:29:06,944: 	 Found proxy file /tmp/x509up_u47333
DEBUG 2015-04-28 17:29:06,944: 	 Getting proxy life time left
DEBUG 2015-04-28 17:29:07,047: 	 Executing : 
 command : voms-proxy-info -file /tmp/x509up_u47333 -timeleft
 output : 27537

 error: 
 retcode : 0
DEBUG 2015-04-28 17:29:07,150: 	 Executing : 
 command : voms-proxy-info -file /tmp/x509up_u47333 -actimeleft
 output : 27536

 error: 
 retcode : 0
DEBUG 2015-04-28 17:29:07,150: 	 Proxy valid for 07:38:57 hours
DEBUG 2015-04-28 17:29:07,253: 	 Executing : 
 command : env X509_USER_PROXY=/tmp/x509up_u47333 voms-proxy-info -fqan
 output : /cms/Role=NULL/Capability=NULL

 error: 
 retcode : 0
DEBUG 2015-04-28 17:29:08,486: 	 Registering user credentials for server /DC=ch/DC=cern/OU=computers/CN=vocms(3[136]|21|045|052|021|031).cern.ch
DEBUG 2015-04-28 17:29:08,596: 	 Executing : 
 command : openssl x509 -in ~/.globus/usercert.pem -subject -noout
 output : subject= /C=TW/O=AP/OU=GRID/CN=Bibhuti Parida 158514

 error: WARNING: can't open config file: /build/dmwmbld/srv/state/dmwmbld/builds/comp_gcc481/w/tmp/BUILDROOT/779a792f862039a4ebba572299ebbb36/build/dmwmbld/srv/state/dmwmbld/builds/comp_gcc481/w/slc6_amd64_gcc481/external/openssl/1.0.1m-comp/ssl/openssl.cnf

 retcode : 0
DEBUG 2015-04-28 17:29:08,596: 	 Getting myproxy life time left for myproxy.cern.ch
DEBUG 2015-04-28 17:29:08,596: 	 Calculating hash of /C=TW/O=AP/OU=GRID/CN=Bibhuti Parida 158514_cmsweb.cern.ch for credential name
DEBUG 2015-04-28 17:29:09,601: 	 Executing : 
 command : myproxy-info -l 272d01933f87a0b483da744cd7ecec278e81b2db -s myproxy.cern.ch
 output : username: 272d01933f87a0b483da744cd7ecec278e81b2db
owner: /C=TW/O=AP/OU=GRID/CN=Bibhuti Parida 158514
  renewal policy: /DC=ch/DC=cern/OU=computers/CN=vocms(3[136]|21|045|052|021|031).cern.ch
  trusted retrieval policy: /DC=ch/DC=cern/OU=computers/CN=vocms(3[136]|21|045|052|021|031).cern.ch
  timeleft: 691:40:23  (28.8 days)

 error: 
 retcode : 0
DEBUG 2015-04-28 17:29:09,603: 	 Myproxy is valid: 2490023
DEBUG 2015-04-28 17:29:09,603: 	 Command use: status
DEBUG 2015-04-28 17:29:09,603: 	 Options use: ['crab_zh_without_file']
DEBUG 2015-04-28 17:29:10,842: 	 CRABClient version: 3.3.15.patch1 Compatible
DEBUG 2015-04-28 17:29:10,842: 	 Instance is prod
DEBUG 2015-04-28 17:29:10,842: 	 Server base url is cmsweb.cern.ch
DEBUG 2015-04-28 17:29:10,842: 	 Command url /crabserver/prod/workflow
DEBUG 2015-04-28 17:29:10,843: 	 Looking up detailed status of task 150428_214629:bparida_crab_zh_without_file
DEBUG 2015-04-28 17:29:14,606: 	 {'status': 'SUBMITTED', 'saveLogs': 'T', 'jobsPerStatus': {'failed': 1, 'running': 2, 'transferred': 2}, 'jobs': {'1': {'State': 'transferred'}, '3': {'State': 'running'}, '2': {'State': 'transferred'}, '5': {'State': 'running'}, '4': {'State': 'failed', 'Error': [8022, "CmsRunFailure\nCMSSW error message follows.\nFatal Exception\nAn exception of category 'FatalRootError' occurred while\n   [0] Constructing the EventProcessor\n   [1] Constructing input source of type PoolSource\n   Additional Info:\n      [a] Fatal Root Error: @SUB=TKey::ReadFile\nFailed to read data.\n", {'type': 'Fatal Exception', 'details': "An exception of category 'FatalRootError' occurred while\n   [0] Constructing the EventProcessor\n   [1] Constructing input source of type PoolSource\n   Additional Info:\n      [a] Fatal Root Error: @SUB=TKey::ReadFile\nFailed to read data.", 'exitCode': '8022'}]}}, 'publication': {}, 'taskWarningMsg': [], 'taskFailureMsg': '', 'failedJobdefs': 0, 'ASOURL': 'https://cmsweb.cern.ch/couchdb', 'pool': {}, 'totalJobdefs': 0, 'jobSetID': '150428_214629:bparida_crab_zh_without_file', 'jobdefErrors': [], 'outdatasets': None, 'jobList': [['transferred', 1], ['running', 3], ['transferred', 2], ['running', 5], ['failed', 4]]}
INFO 2015-04-28 17:29:14,606: 	 Task name:			150428_214629:bparida_crab_zh_without_file
INFO 2015-04-28 17:29:14,606: 	 Task status:			SUBMITTED
INFO 2015-04-28 17:29:14,606: 	 Glidemon monitoring URL:	http://glidemon.web.cern.ch/glidemon/jobs.php?taskname=150428_214629%3Abparida_crab_zh_without_file
INFO 2015-04-28 17:29:14,607: 	 Dashboard monitoring URL:	http://dashb-cms-job.cern.ch/dashboard/templates/task-analysis/#user=crab&refresh=0&table=Jobs&p=1&records=25&activemenu=2&status=&site=&tid=150428_214629%3Abparida_crab_zh_without_file
INFO 2015-04-28 17:29:14,607: 	 Details:			failed         20.0% (1/5)
INFO 2015-04-28 17:29:14,607: 	 				running        40.0% (2/5)
INFO 2015-04-28 17:29:14,607: 	 				transferred    40.0% (2/5)
INFO 2015-04-28 17:29:14,607: 	 
Error summary:
1 jobs failed with exit code 8022:
	CmsRunFailure
	CMSSW error message follows.
	Fatal Exception
	An exception of category 'FatalRootError' occurred while
	   [0] Constructing the EventProcessor
	   [1] Constructing input source of type PoolSource
	   Additional Info:
	      [a] Fatal Root Error: @SUB=TKey::ReadFile
	Failed to read data.
	
Have a look at https://twiki.cern.ch/twiki/bin/viewauth/CMSPublic/JobExitCodes for a description of the exit codes
DEBUG 2015-04-28 17:29:26,029: 	 Executing command: 'status'
DEBUG 2015-04-28 17:29:26,030: 	 Found /uscms/home/bparida/.crab3 file
DEBUG 2015-04-28 17:29:26,037: 	 Checking credentials
DEBUG 2015-04-28 17:29:26,037: 	 Found proxy file /tmp/x509up_u47333
DEBUG 2015-04-28 17:29:26,037: 	 Getting proxy life time left
DEBUG 2015-04-28 17:29:26,140: 	 Executing : 
 command : voms-proxy-info -file /tmp/x509up_u47333 -timeleft
 output : 27517

 error: 
 retcode : 0
DEBUG 2015-04-28 17:29:26,242: 	 Executing : 
 command : voms-proxy-info -file /tmp/x509up_u47333 -actimeleft
 output : 27517

 error: 
 retcode : 0
DEBUG 2015-04-28 17:29:26,243: 	 Proxy valid for 07:38:37 hours
DEBUG 2015-04-28 17:29:26,353: 	 Executing : 
 command : openssl x509 -in ~/.globus/usercert.pem -subject -noout
 output : subject= /C=TW/O=AP/OU=GRID/CN=Bibhuti Parida 158514

 error: WARNING: can't open config file: /build/dmwmbld/srv/state/dmwmbld/builds/comp_gcc481/w/tmp/BUILDROOT/779a792f862039a4ebba572299ebbb36/build/dmwmbld/srv/state/dmwmbld/builds/comp_gcc481/w/slc6_amd64_gcc481/external/openssl/1.0.1m-comp/ssl/openssl.cnf

 retcode : 0
DEBUG 2015-04-28 17:29:26,354: 	 Checking credentials
DEBUG 2015-04-28 17:29:26,354: 	 Found proxy file /tmp/x509up_u47333
DEBUG 2015-04-28 17:29:26,354: 	 Getting proxy life time left
DEBUG 2015-04-28 17:29:26,456: 	 Executing : 
 command : voms-proxy-info -file /tmp/x509up_u47333 -timeleft
 output : 27517

 error: 
 retcode : 0
DEBUG 2015-04-28 17:29:26,559: 	 Executing : 
 command : voms-proxy-info -file /tmp/x509up_u47333 -actimeleft
 output : 27517

 error: 
 retcode : 0
DEBUG 2015-04-28 17:29:26,560: 	 Proxy valid for 07:38:37 hours
DEBUG 2015-04-28 17:29:26,662: 	 Executing : 
 command : env X509_USER_PROXY=/tmp/x509up_u47333 voms-proxy-info -fqan
 output : /cms/Role=NULL/Capability=NULL

 error: 
 retcode : 0
DEBUG 2015-04-28 17:29:27,866: 	 Registering user credentials for server /DC=ch/DC=cern/OU=computers/CN=vocms(3[136]|21|045|052|021|031).cern.ch
DEBUG 2015-04-28 17:29:27,974: 	 Executing : 
 command : openssl x509 -in ~/.globus/usercert.pem -subject -noout
 output : subject= /C=TW/O=AP/OU=GRID/CN=Bibhuti Parida 158514

 error: WARNING: can't open config file: /build/dmwmbld/srv/state/dmwmbld/builds/comp_gcc481/w/tmp/BUILDROOT/779a792f862039a4ebba572299ebbb36/build/dmwmbld/srv/state/dmwmbld/builds/comp_gcc481/w/slc6_amd64_gcc481/external/openssl/1.0.1m-comp/ssl/openssl.cnf

 retcode : 0
DEBUG 2015-04-28 17:29:27,974: 	 Getting myproxy life time left for myproxy.cern.ch
DEBUG 2015-04-28 17:29:27,974: 	 Calculating hash of /C=TW/O=AP/OU=GRID/CN=Bibhuti Parida 158514_cmsweb.cern.ch for credential name
DEBUG 2015-04-28 17:29:28,979: 	 Executing : 
 command : myproxy-info -l 272d01933f87a0b483da744cd7ecec278e81b2db -s myproxy.cern.ch
 output : username: 272d01933f87a0b483da744cd7ecec278e81b2db
owner: /C=TW/O=AP/OU=GRID/CN=Bibhuti Parida 158514
  renewal policy: /DC=ch/DC=cern/OU=computers/CN=vocms(3[136]|21|045|052|021|031).cern.ch
  trusted retrieval policy: /DC=ch/DC=cern/OU=computers/CN=vocms(3[136]|21|045|052|021|031).cern.ch
  timeleft: 691:40:04  (28.8 days)

 error: 
 retcode : 0
DEBUG 2015-04-28 17:29:28,980: 	 Myproxy is valid: 2490004
DEBUG 2015-04-28 17:29:28,980: 	 Command use: status
DEBUG 2015-04-28 17:29:28,980: 	 Options use: ['crab_zh_without_file']
DEBUG 2015-04-28 17:29:29,943: 	 CRABClient version: 3.3.15.patch1 Compatible
DEBUG 2015-04-28 17:29:29,944: 	 Instance is prod
DEBUG 2015-04-28 17:29:29,944: 	 Server base url is cmsweb.cern.ch
DEBUG 2015-04-28 17:29:29,944: 	 Command url /crabserver/prod/workflow
DEBUG 2015-04-28 17:29:29,944: 	 Looking up detailed status of task 150428_214629:bparida_crab_zh_without_file
DEBUG 2015-04-28 17:29:32,963: 	 {'status': 'SUBMITTED', 'saveLogs': 'T', 'jobsPerStatus': {'failed': 1, 'finished': 1, 'running': 2, 'transferred': 1}, 'jobs': {'1': {'State': 'finished'}, '3': {'State': 'running'}, '2': {'State': 'transferred'}, '5': {'State': 'running'}, '4': {'State': 'failed', 'Error': [8022, "CmsRunFailure\nCMSSW error message follows.\nFatal Exception\nAn exception of category 'FatalRootError' occurred while\n   [0] Constructing the EventProcessor\n   [1] Constructing input source of type PoolSource\n   Additional Info:\n      [a] Fatal Root Error: @SUB=TKey::ReadFile\nFailed to read data.\n", {'type': 'Fatal Exception', 'details': "An exception of category 'FatalRootError' occurred while\n   [0] Constructing the EventProcessor\n   [1] Constructing input source of type PoolSource\n   Additional Info:\n      [a] Fatal Root Error: @SUB=TKey::ReadFile\nFailed to read data.", 'exitCode': '8022'}]}}, 'publication': {}, 'taskWarningMsg': [], 'taskFailureMsg': '', 'failedJobdefs': 0, 'ASOURL': 'https://cmsweb.cern.ch/couchdb', 'pool': {}, 'totalJobdefs': 0, 'jobSetID': '150428_214629:bparida_crab_zh_without_file', 'jobdefErrors': [], 'outdatasets': None, 'jobList': [['finished', 1], ['running', 3], ['transferred', 2], ['running', 5], ['failed', 4]]}
INFO 2015-04-28 17:29:32,963: 	 Task name:			150428_214629:bparida_crab_zh_without_file
INFO 2015-04-28 17:29:32,963: 	 Task status:			SUBMITTED
INFO 2015-04-28 17:29:32,963: 	 Glidemon monitoring URL:	http://glidemon.web.cern.ch/glidemon/jobs.php?taskname=150428_214629%3Abparida_crab_zh_without_file
INFO 2015-04-28 17:29:32,963: 	 Dashboard monitoring URL:	http://dashb-cms-job.cern.ch/dashboard/templates/task-analysis/#user=crab&refresh=0&table=Jobs&p=1&records=25&activemenu=2&status=&site=&tid=150428_214629%3Abparida_crab_zh_without_file
INFO 2015-04-28 17:29:32,964: 	 Details:			failed         20.0% (1/5)
INFO 2015-04-28 17:29:32,964: 	 				finished       20.0% (1/5)
INFO 2015-04-28 17:29:32,964: 	 				running        40.0% (2/5)
INFO 2015-04-28 17:29:32,964: 	 				transferred    20.0% (1/5)
INFO 2015-04-28 17:29:32,964: 	 
Error summary:
1 jobs failed with exit code 8022:
	CmsRunFailure
	CMSSW error message follows.
	Fatal Exception
	An exception of category 'FatalRootError' occurred while
	   [0] Constructing the EventProcessor
	   [1] Constructing input source of type PoolSource
	   Additional Info:
	      [a] Fatal Root Error: @SUB=TKey::ReadFile
	Failed to read data.
	
Have a look at https://twiki.cern.ch/twiki/bin/viewauth/CMSPublic/JobExitCodes for a description of the exit codes
DEBUG 2015-04-28 17:30:07,559: 	 Executing command: 'status'
DEBUG 2015-04-28 17:30:07,560: 	 Found /uscms/home/bparida/.crab3 file
DEBUG 2015-04-28 17:30:07,567: 	 Checking credentials
DEBUG 2015-04-28 17:30:07,567: 	 Found proxy file /tmp/x509up_u47333
DEBUG 2015-04-28 17:30:07,567: 	 Getting proxy life time left
DEBUG 2015-04-28 17:30:07,670: 	 Executing : 
 command : voms-proxy-info -file /tmp/x509up_u47333 -timeleft
 output : 27476

 error: 
 retcode : 0
DEBUG 2015-04-28 17:30:07,773: 	 Executing : 
 command : voms-proxy-info -file /tmp/x509up_u47333 -actimeleft
 output : 27476

 error: 
 retcode : 0
DEBUG 2015-04-28 17:30:07,773: 	 Proxy valid for 07:37:56 hours
DEBUG 2015-04-28 17:30:07,886: 	 Executing : 
 command : openssl x509 -in ~/.globus/usercert.pem -subject -noout
 output : subject= /C=TW/O=AP/OU=GRID/CN=Bibhuti Parida 158514

 error: WARNING: can't open config file: /build/dmwmbld/srv/state/dmwmbld/builds/comp_gcc481/w/tmp/BUILDROOT/779a792f862039a4ebba572299ebbb36/build/dmwmbld/srv/state/dmwmbld/builds/comp_gcc481/w/slc6_amd64_gcc481/external/openssl/1.0.1m-comp/ssl/openssl.cnf

 retcode : 0
DEBUG 2015-04-28 17:30:07,887: 	 Checking credentials
DEBUG 2015-04-28 17:30:07,887: 	 Found proxy file /tmp/x509up_u47333
DEBUG 2015-04-28 17:30:07,887: 	 Getting proxy life time left
DEBUG 2015-04-28 17:30:07,990: 	 Executing : 
 command : voms-proxy-info -file /tmp/x509up_u47333 -timeleft
 output : 27476

 error: 
 retcode : 0
DEBUG 2015-04-28 17:30:08,093: 	 Executing : 
 command : voms-proxy-info -file /tmp/x509up_u47333 -actimeleft
 output : 27475

 error: 
 retcode : 0
DEBUG 2015-04-28 17:30:08,093: 	 Proxy valid for 07:37:56 hours
DEBUG 2015-04-28 17:30:08,196: 	 Executing : 
 command : env X509_USER_PROXY=/tmp/x509up_u47333 voms-proxy-info -fqan
 output : /cms/Role=NULL/Capability=NULL

 error: 
 retcode : 0
DEBUG 2015-04-28 17:30:09,548: 	 Registering user credentials for server /DC=ch/DC=cern/OU=computers/CN=vocms(3[136]|21|045|052|021|031).cern.ch
DEBUG 2015-04-28 17:30:09,656: 	 Executing : 
 command : openssl x509 -in ~/.globus/usercert.pem -subject -noout
 output : subject= /C=TW/O=AP/OU=GRID/CN=Bibhuti Parida 158514

 error: WARNING: can't open config file: /build/dmwmbld/srv/state/dmwmbld/builds/comp_gcc481/w/tmp/BUILDROOT/779a792f862039a4ebba572299ebbb36/build/dmwmbld/srv/state/dmwmbld/builds/comp_gcc481/w/slc6_amd64_gcc481/external/openssl/1.0.1m-comp/ssl/openssl.cnf

 retcode : 0
DEBUG 2015-04-28 17:30:09,657: 	 Getting myproxy life time left for myproxy.cern.ch
DEBUG 2015-04-28 17:30:09,657: 	 Calculating hash of /C=TW/O=AP/OU=GRID/CN=Bibhuti Parida 158514_cmsweb.cern.ch for credential name
DEBUG 2015-04-28 17:30:10,662: 	 Executing : 
 command : myproxy-info -l 272d01933f87a0b483da744cd7ecec278e81b2db -s myproxy.cern.ch
 output : username: 272d01933f87a0b483da744cd7ecec278e81b2db
owner: /C=TW/O=AP/OU=GRID/CN=Bibhuti Parida 158514
  renewal policy: /DC=ch/DC=cern/OU=computers/CN=vocms(3[136]|21|045|052|021|031).cern.ch
  trusted retrieval policy: /DC=ch/DC=cern/OU=computers/CN=vocms(3[136]|21|045|052|021|031).cern.ch
  timeleft: 691:39:22  (28.8 days)

 error: 
 retcode : 0
DEBUG 2015-04-28 17:30:10,663: 	 Myproxy is valid: 2489962
DEBUG 2015-04-28 17:30:10,663: 	 Command use: status
DEBUG 2015-04-28 17:30:10,663: 	 Options use: ['crab_zh_without_file']
DEBUG 2015-04-28 17:30:12,188: 	 CRABClient version: 3.3.15.patch1 Compatible
DEBUG 2015-04-28 17:30:12,188: 	 Instance is prod
DEBUG 2015-04-28 17:30:12,188: 	 Server base url is cmsweb.cern.ch
DEBUG 2015-04-28 17:30:12,188: 	 Command url /crabserver/prod/workflow
DEBUG 2015-04-28 17:30:12,188: 	 Looking up detailed status of task 150428_214629:bparida_crab_zh_without_file
DEBUG 2015-04-28 17:30:17,318: 	 {'status': 'SUBMITTED', 'saveLogs': 'T', 'jobsPerStatus': {'failed': 1, 'finished': 1, 'running': 2, 'transferred': 1}, 'jobs': {'1': {'State': 'finished'}, '3': {'State': 'running'}, '2': {'State': 'transferred'}, '5': {'State': 'running'}, '4': {'State': 'failed', 'Error': [8022, "CmsRunFailure\nCMSSW error message follows.\nFatal Exception\nAn exception of category 'FatalRootError' occurred while\n   [0] Constructing the EventProcessor\n   [1] Constructing input source of type PoolSource\n   Additional Info:\n      [a] Fatal Root Error: @SUB=TKey::ReadFile\nFailed to read data.\n", {'type': 'Fatal Exception', 'details': "An exception of category 'FatalRootError' occurred while\n   [0] Constructing the EventProcessor\n   [1] Constructing input source of type PoolSource\n   Additional Info:\n      [a] Fatal Root Error: @SUB=TKey::ReadFile\nFailed to read data.", 'exitCode': '8022'}]}}, 'publication': {}, 'taskWarningMsg': [], 'taskFailureMsg': '', 'failedJobdefs': 0, 'ASOURL': 'https://cmsweb.cern.ch/couchdb', 'pool': {}, 'totalJobdefs': 0, 'jobSetID': '150428_214629:bparida_crab_zh_without_file', 'jobdefErrors': [], 'outdatasets': None, 'jobList': [['finished', 1], ['running', 3], ['transferred', 2], ['running', 5], ['failed', 4]]}
INFO 2015-04-28 17:30:17,318: 	 Task name:			150428_214629:bparida_crab_zh_without_file
INFO 2015-04-28 17:30:17,318: 	 Task status:			SUBMITTED
INFO 2015-04-28 17:30:17,318: 	 Glidemon monitoring URL:	http://glidemon.web.cern.ch/glidemon/jobs.php?taskname=150428_214629%3Abparida_crab_zh_without_file
INFO 2015-04-28 17:30:17,318: 	 Dashboard monitoring URL:	http://dashb-cms-job.cern.ch/dashboard/templates/task-analysis/#user=crab&refresh=0&table=Jobs&p=1&records=25&activemenu=2&status=&site=&tid=150428_214629%3Abparida_crab_zh_without_file
INFO 2015-04-28 17:30:17,318: 	 Details:			failed         20.0% (1/5)
INFO 2015-04-28 17:30:17,318: 	 				finished       20.0% (1/5)
INFO 2015-04-28 17:30:17,319: 	 				running        40.0% (2/5)
INFO 2015-04-28 17:30:17,319: 	 				transferred    20.0% (1/5)
INFO 2015-04-28 17:30:17,319: 	 
Error summary:
1 jobs failed with exit code 8022:
	CmsRunFailure
	CMSSW error message follows.
	Fatal Exception
	An exception of category 'FatalRootError' occurred while
	   [0] Constructing the EventProcessor
	   [1] Constructing input source of type PoolSource
	   Additional Info:
	      [a] Fatal Root Error: @SUB=TKey::ReadFile
	Failed to read data.
	
Have a look at https://twiki.cern.ch/twiki/bin/viewauth/CMSPublic/JobExitCodes for a description of the exit codes
DEBUG 2015-04-28 17:30:53,639: 	 Executing command: 'status'
DEBUG 2015-04-28 17:30:53,640: 	 Found /uscms/home/bparida/.crab3 file
DEBUG 2015-04-28 17:30:53,654: 	 Checking credentials
DEBUG 2015-04-28 17:30:53,654: 	 Found proxy file /tmp/x509up_u47333
DEBUG 2015-04-28 17:30:53,654: 	 Getting proxy life time left
DEBUG 2015-04-28 17:30:53,757: 	 Executing : 
 command : voms-proxy-info -file /tmp/x509up_u47333 -timeleft
 output : 27430

 error: 
 retcode : 0
DEBUG 2015-04-28 17:30:53,860: 	 Executing : 
 command : voms-proxy-info -file /tmp/x509up_u47333 -actimeleft
 output : 27430

 error: 
 retcode : 0
DEBUG 2015-04-28 17:30:53,860: 	 Proxy valid for 07:37:10 hours
DEBUG 2015-04-28 17:30:53,971: 	 Executing : 
 command : openssl x509 -in ~/.globus/usercert.pem -subject -noout
 output : subject= /C=TW/O=AP/OU=GRID/CN=Bibhuti Parida 158514

 error: WARNING: can't open config file: /build/dmwmbld/srv/state/dmwmbld/builds/comp_gcc481/w/tmp/BUILDROOT/779a792f862039a4ebba572299ebbb36/build/dmwmbld/srv/state/dmwmbld/builds/comp_gcc481/w/slc6_amd64_gcc481/external/openssl/1.0.1m-comp/ssl/openssl.cnf

 retcode : 0
DEBUG 2015-04-28 17:30:53,972: 	 Checking credentials
DEBUG 2015-04-28 17:30:53,972: 	 Found proxy file /tmp/x509up_u47333
DEBUG 2015-04-28 17:30:53,972: 	 Getting proxy life time left
DEBUG 2015-04-28 17:30:54,075: 	 Executing : 
 command : voms-proxy-info -file /tmp/x509up_u47333 -timeleft
 output : 27429

 error: 
 retcode : 0
DEBUG 2015-04-28 17:30:54,178: 	 Executing : 
 command : voms-proxy-info -file /tmp/x509up_u47333 -actimeleft
 output : 27429

 error: 
 retcode : 0
DEBUG 2015-04-28 17:30:54,178: 	 Proxy valid for 07:37:09 hours
DEBUG 2015-04-28 17:30:54,281: 	 Executing : 
 command : env X509_USER_PROXY=/tmp/x509up_u47333 voms-proxy-info -fqan
 output : /cms/Role=NULL/Capability=NULL

 error: 
 retcode : 0
DEBUG 2015-04-28 17:30:55,642: 	 Registering user credentials for server /DC=ch/DC=cern/OU=computers/CN=vocms(3[136]|21|045|052|021|031).cern.ch
DEBUG 2015-04-28 17:30:55,750: 	 Executing : 
 command : openssl x509 -in ~/.globus/usercert.pem -subject -noout
 output : subject= /C=TW/O=AP/OU=GRID/CN=Bibhuti Parida 158514

 error: WARNING: can't open config file: /build/dmwmbld/srv/state/dmwmbld/builds/comp_gcc481/w/tmp/BUILDROOT/779a792f862039a4ebba572299ebbb36/build/dmwmbld/srv/state/dmwmbld/builds/comp_gcc481/w/slc6_amd64_gcc481/external/openssl/1.0.1m-comp/ssl/openssl.cnf

 retcode : 0
DEBUG 2015-04-28 17:30:55,750: 	 Getting myproxy life time left for myproxy.cern.ch
DEBUG 2015-04-28 17:30:55,750: 	 Calculating hash of /C=TW/O=AP/OU=GRID/CN=Bibhuti Parida 158514_cmsweb.cern.ch for credential name
DEBUG 2015-04-28 17:30:57,055: 	 Executing : 
 command : myproxy-info -l 272d01933f87a0b483da744cd7ecec278e81b2db -s myproxy.cern.ch
 output : username: 272d01933f87a0b483da744cd7ecec278e81b2db
owner: /C=TW/O=AP/OU=GRID/CN=Bibhuti Parida 158514
  renewal policy: /DC=ch/DC=cern/OU=computers/CN=vocms(3[136]|21|045|052|021|031).cern.ch
  trusted retrieval policy: /DC=ch/DC=cern/OU=computers/CN=vocms(3[136]|21|045|052|021|031).cern.ch
  timeleft: 691:38:36  (28.8 days)

 error: 
 retcode : 0
DEBUG 2015-04-28 17:30:57,057: 	 Myproxy is valid: 2489916
DEBUG 2015-04-28 17:30:57,057: 	 Command use: status
DEBUG 2015-04-28 17:30:57,057: 	 Options use: ['crab_zh_without_file']
DEBUG 2015-04-28 17:30:58,316: 	 CRABClient version: 3.3.15.patch1 Compatible
DEBUG 2015-04-28 17:30:58,317: 	 Instance is prod
DEBUG 2015-04-28 17:30:58,317: 	 Server base url is cmsweb.cern.ch
DEBUG 2015-04-28 17:30:58,317: 	 Command url /crabserver/prod/workflow
DEBUG 2015-04-28 17:30:58,317: 	 Looking up detailed status of task 150428_214629:bparida_crab_zh_without_file
DEBUG 2015-04-28 17:31:01,659: 	 {'status': 'SUBMITTED', 'saveLogs': 'T', 'jobsPerStatus': {'failed': 1, 'finished': 1, 'running': 2, 'transferred': 1}, 'jobs': {'1': {'State': 'finished'}, '3': {'State': 'running'}, '2': {'State': 'transferred'}, '5': {'State': 'running'}, '4': {'State': 'failed', 'Error': [8022, "CmsRunFailure\nCMSSW error message follows.\nFatal Exception\nAn exception of category 'FatalRootError' occurred while\n   [0] Constructing the EventProcessor\n   [1] Constructing input source of type PoolSource\n   Additional Info:\n      [a] Fatal Root Error: @SUB=TKey::ReadFile\nFailed to read data.\n", {'type': 'Fatal Exception', 'details': "An exception of category 'FatalRootError' occurred while\n   [0] Constructing the EventProcessor\n   [1] Constructing input source of type PoolSource\n   Additional Info:\n      [a] Fatal Root Error: @SUB=TKey::ReadFile\nFailed to read data.", 'exitCode': '8022'}]}}, 'publication': {}, 'taskWarningMsg': [], 'taskFailureMsg': '', 'failedJobdefs': 0, 'ASOURL': 'https://cmsweb.cern.ch/couchdb', 'pool': {}, 'totalJobdefs': 0, 'jobSetID': '150428_214629:bparida_crab_zh_without_file', 'jobdefErrors': [], 'outdatasets': None, 'jobList': [['finished', 1], ['running', 3], ['transferred', 2], ['running', 5], ['failed', 4]]}
INFO 2015-04-28 17:31:01,659: 	 Task name:			150428_214629:bparida_crab_zh_without_file
INFO 2015-04-28 17:31:01,659: 	 Task status:			SUBMITTED
INFO 2015-04-28 17:31:01,659: 	 Glidemon monitoring URL:	http://glidemon.web.cern.ch/glidemon/jobs.php?taskname=150428_214629%3Abparida_crab_zh_without_file
INFO 2015-04-28 17:31:01,659: 	 Dashboard monitoring URL:	http://dashb-cms-job.cern.ch/dashboard/templates/task-analysis/#user=crab&refresh=0&table=Jobs&p=1&records=25&activemenu=2&status=&site=&tid=150428_214629%3Abparida_crab_zh_without_file
INFO 2015-04-28 17:31:01,660: 	 Details:			failed         20.0% (1/5)
INFO 2015-04-28 17:31:01,660: 	 				finished       20.0% (1/5)
INFO 2015-04-28 17:31:01,660: 	 				running        40.0% (2/5)
INFO 2015-04-28 17:31:01,660: 	 				transferred    20.0% (1/5)
INFO 2015-04-28 17:31:01,660: 	 
Error summary:
1 jobs failed with exit code 8022:
	CmsRunFailure
	CMSSW error message follows.
	Fatal Exception
	An exception of category 'FatalRootError' occurred while
	   [0] Constructing the EventProcessor
	   [1] Constructing input source of type PoolSource
	   Additional Info:
	      [a] Fatal Root Error: @SUB=TKey::ReadFile
	Failed to read data.
	
Have a look at https://twiki.cern.ch/twiki/bin/viewauth/CMSPublic/JobExitCodes for a description of the exit codes
DEBUG 2015-04-28 17:32:56,236: 	 Executing command: 'status'
DEBUG 2015-04-28 17:32:56,237: 	 Found /uscms/home/bparida/.crab3 file
DEBUG 2015-04-28 17:32:56,250: 	 Checking credentials
DEBUG 2015-04-28 17:32:56,250: 	 Found proxy file /tmp/x509up_u47333
DEBUG 2015-04-28 17:32:56,250: 	 Getting proxy life time left
DEBUG 2015-04-28 17:32:56,353: 	 Executing : 
 command : voms-proxy-info -file /tmp/x509up_u47333 -timeleft
 output : 27307

 error: 
 retcode : 0
DEBUG 2015-04-28 17:32:56,456: 	 Executing : 
 command : voms-proxy-info -file /tmp/x509up_u47333 -actimeleft
 output : 27307

 error: 
 retcode : 0
DEBUG 2015-04-28 17:32:56,456: 	 Proxy valid for 07:35:07 hours
DEBUG 2015-04-28 17:32:56,568: 	 Executing : 
 command : openssl x509 -in ~/.globus/usercert.pem -subject -noout
 output : subject= /C=TW/O=AP/OU=GRID/CN=Bibhuti Parida 158514

 error: WARNING: can't open config file: /build/dmwmbld/srv/state/dmwmbld/builds/comp_gcc481/w/tmp/BUILDROOT/779a792f862039a4ebba572299ebbb36/build/dmwmbld/srv/state/dmwmbld/builds/comp_gcc481/w/slc6_amd64_gcc481/external/openssl/1.0.1m-comp/ssl/openssl.cnf

 retcode : 0
DEBUG 2015-04-28 17:32:56,568: 	 Checking credentials
DEBUG 2015-04-28 17:32:56,568: 	 Found proxy file /tmp/x509up_u47333
DEBUG 2015-04-28 17:32:56,568: 	 Getting proxy life time left
DEBUG 2015-04-28 17:32:56,671: 	 Executing : 
 command : voms-proxy-info -file /tmp/x509up_u47333 -timeleft
 output : 27307

 error: 
 retcode : 0
DEBUG 2015-04-28 17:32:56,774: 	 Executing : 
 command : voms-proxy-info -file /tmp/x509up_u47333 -actimeleft
 output : 27307

 error: 
 retcode : 0
DEBUG 2015-04-28 17:32:56,774: 	 Proxy valid for 07:35:07 hours
DEBUG 2015-04-28 17:32:56,877: 	 Executing : 
 command : env X509_USER_PROXY=/tmp/x509up_u47333 voms-proxy-info -fqan
 output : /cms/Role=NULL/Capability=NULL

 error: 
 retcode : 0
DEBUG 2015-04-28 17:32:58,442: 	 Registering user credentials for server /DC=ch/DC=cern/OU=computers/CN=vocms(3[136]|21|045|052|021|031).cern.ch
DEBUG 2015-04-28 17:32:58,550: 	 Executing : 
 command : openssl x509 -in ~/.globus/usercert.pem -subject -noout
 output : subject= /C=TW/O=AP/OU=GRID/CN=Bibhuti Parida 158514

 error: WARNING: can't open config file: /build/dmwmbld/srv/state/dmwmbld/builds/comp_gcc481/w/tmp/BUILDROOT/779a792f862039a4ebba572299ebbb36/build/dmwmbld/srv/state/dmwmbld/builds/comp_gcc481/w/slc6_amd64_gcc481/external/openssl/1.0.1m-comp/ssl/openssl.cnf

 retcode : 0
DEBUG 2015-04-28 17:32:58,551: 	 Getting myproxy life time left for myproxy.cern.ch
DEBUG 2015-04-28 17:32:58,551: 	 Calculating hash of /C=TW/O=AP/OU=GRID/CN=Bibhuti Parida 158514_cmsweb.cern.ch for credential name
DEBUG 2015-04-28 17:32:59,857: 	 Executing : 
 command : myproxy-info -l 272d01933f87a0b483da744cd7ecec278e81b2db -s myproxy.cern.ch
 output : username: 272d01933f87a0b483da744cd7ecec278e81b2db
owner: /C=TW/O=AP/OU=GRID/CN=Bibhuti Parida 158514
  renewal policy: /DC=ch/DC=cern/OU=computers/CN=vocms(3[136]|21|045|052|021|031).cern.ch
  trusted retrieval policy: /DC=ch/DC=cern/OU=computers/CN=vocms(3[136]|21|045|052|021|031).cern.ch
  timeleft: 691:36:33  (28.8 days)

 error: 
 retcode : 0
DEBUG 2015-04-28 17:32:59,858: 	 Myproxy is valid: 2489793
DEBUG 2015-04-28 17:32:59,858: 	 Command use: status
DEBUG 2015-04-28 17:32:59,858: 	 Options use: ['crab_zh_without_file']
DEBUG 2015-04-28 17:33:01,183: 	 CRABClient version: 3.3.15.patch1 Compatible
DEBUG 2015-04-28 17:33:01,183: 	 Instance is prod
DEBUG 2015-04-28 17:33:01,183: 	 Server base url is cmsweb.cern.ch
DEBUG 2015-04-28 17:33:01,183: 	 Command url /crabserver/prod/workflow
DEBUG 2015-04-28 17:33:01,184: 	 Looking up detailed status of task 150428_214629:bparida_crab_zh_without_file
DEBUG 2015-04-28 17:33:04,714: 	 {'status': 'SUBMITTED', 'saveLogs': 'T', 'jobsPerStatus': {'failed': 1, 'finished': 1, 'running': 2, 'transferred': 1}, 'jobs': {'1': {'State': 'finished'}, '3': {'State': 'running'}, '2': {'State': 'transferred'}, '5': {'State': 'running'}, '4': {'State': 'failed', 'Error': [8022, "CmsRunFailure\nCMSSW error message follows.\nFatal Exception\nAn exception of category 'FatalRootError' occurred while\n   [0] Constructing the EventProcessor\n   [1] Constructing input source of type PoolSource\n   Additional Info:\n      [a] Fatal Root Error: @SUB=TKey::ReadFile\nFailed to read data.\n", {'type': 'Fatal Exception', 'details': "An exception of category 'FatalRootError' occurred while\n   [0] Constructing the EventProcessor\n   [1] Constructing input source of type PoolSource\n   Additional Info:\n      [a] Fatal Root Error: @SUB=TKey::ReadFile\nFailed to read data.", 'exitCode': '8022'}]}}, 'publication': {}, 'taskWarningMsg': [], 'taskFailureMsg': '', 'failedJobdefs': 0, 'ASOURL': 'https://cmsweb.cern.ch/couchdb', 'pool': {}, 'totalJobdefs': 0, 'jobSetID': '150428_214629:bparida_crab_zh_without_file', 'jobdefErrors': [], 'outdatasets': None, 'jobList': [['finished', 1], ['running', 3], ['transferred', 2], ['running', 5], ['failed', 4]]}
INFO 2015-04-28 17:33:04,714: 	 Task name:			150428_214629:bparida_crab_zh_without_file
INFO 2015-04-28 17:33:04,714: 	 Task status:			SUBMITTED
INFO 2015-04-28 17:33:04,715: 	 Glidemon monitoring URL:	http://glidemon.web.cern.ch/glidemon/jobs.php?taskname=150428_214629%3Abparida_crab_zh_without_file
INFO 2015-04-28 17:33:04,715: 	 Dashboard monitoring URL:	http://dashb-cms-job.cern.ch/dashboard/templates/task-analysis/#user=crab&refresh=0&table=Jobs&p=1&records=25&activemenu=2&status=&site=&tid=150428_214629%3Abparida_crab_zh_without_file
INFO 2015-04-28 17:33:04,715: 	 Details:			failed         20.0% (1/5)
INFO 2015-04-28 17:33:04,715: 	 				finished       20.0% (1/5)
INFO 2015-04-28 17:33:04,715: 	 				running        40.0% (2/5)
INFO 2015-04-28 17:33:04,715: 	 				transferred    20.0% (1/5)
INFO 2015-04-28 17:33:04,716: 	 
Error summary:
1 jobs failed with exit code 8022:
	CmsRunFailure
	CMSSW error message follows.
	Fatal Exception
	An exception of category 'FatalRootError' occurred while
	   [0] Constructing the EventProcessor
	   [1] Constructing input source of type PoolSource
	   Additional Info:
	      [a] Fatal Root Error: @SUB=TKey::ReadFile
	Failed to read data.
	
Have a look at https://twiki.cern.ch/twiki/bin/viewauth/CMSPublic/JobExitCodes for a description of the exit codes
DEBUG 2015-04-28 17:36:10,107: 	 Executing command: 'status'
DEBUG 2015-04-28 17:36:10,108: 	 Found /uscms/home/bparida/.crab3 file
DEBUG 2015-04-28 17:36:10,122: 	 Checking credentials
DEBUG 2015-04-28 17:36:10,122: 	 Found proxy file /tmp/x509up_u47333
DEBUG 2015-04-28 17:36:10,122: 	 Getting proxy life time left
DEBUG 2015-04-28 17:36:10,225: 	 Executing : 
 command : voms-proxy-info -file /tmp/x509up_u47333 -timeleft
 output : 27113

 error: 
 retcode : 0
DEBUG 2015-04-28 17:36:10,328: 	 Executing : 
 command : voms-proxy-info -file /tmp/x509up_u47333 -actimeleft
 output : 27113

 error: 
 retcode : 0
DEBUG 2015-04-28 17:36:10,328: 	 Proxy valid for 07:31:53 hours
DEBUG 2015-04-28 17:36:10,440: 	 Executing : 
 command : openssl x509 -in ~/.globus/usercert.pem -subject -noout
 output : subject= /C=TW/O=AP/OU=GRID/CN=Bibhuti Parida 158514

 error: WARNING: can't open config file: /build/dmwmbld/srv/state/dmwmbld/builds/comp_gcc481/w/tmp/BUILDROOT/779a792f862039a4ebba572299ebbb36/build/dmwmbld/srv/state/dmwmbld/builds/comp_gcc481/w/slc6_amd64_gcc481/external/openssl/1.0.1m-comp/ssl/openssl.cnf

 retcode : 0
DEBUG 2015-04-28 17:36:10,440: 	 Checking credentials
DEBUG 2015-04-28 17:36:10,440: 	 Found proxy file /tmp/x509up_u47333
DEBUG 2015-04-28 17:36:10,440: 	 Getting proxy life time left
DEBUG 2015-04-28 17:36:10,543: 	 Executing : 
 command : voms-proxy-info -file /tmp/x509up_u47333 -timeleft
 output : 27113

 error: 
 retcode : 0
DEBUG 2015-04-28 17:36:10,646: 	 Executing : 
 command : voms-proxy-info -file /tmp/x509up_u47333 -actimeleft
 output : 27113

 error: 
 retcode : 0
DEBUG 2015-04-28 17:36:10,646: 	 Proxy valid for 07:31:53 hours
DEBUG 2015-04-28 17:36:10,749: 	 Executing : 
 command : env X509_USER_PROXY=/tmp/x509up_u47333 voms-proxy-info -fqan
 output : /cms/Role=NULL/Capability=NULL

 error: 
 retcode : 0
DEBUG 2015-04-28 17:36:11,973: 	 Registering user credentials for server /DC=ch/DC=cern/OU=computers/CN=vocms(3[136]|21|045|052|021|031).cern.ch
DEBUG 2015-04-28 17:36:12,081: 	 Executing : 
 command : openssl x509 -in ~/.globus/usercert.pem -subject -noout
 output : subject= /C=TW/O=AP/OU=GRID/CN=Bibhuti Parida 158514

 error: WARNING: can't open config file: /build/dmwmbld/srv/state/dmwmbld/builds/comp_gcc481/w/tmp/BUILDROOT/779a792f862039a4ebba572299ebbb36/build/dmwmbld/srv/state/dmwmbld/builds/comp_gcc481/w/slc6_amd64_gcc481/external/openssl/1.0.1m-comp/ssl/openssl.cnf

 retcode : 0
DEBUG 2015-04-28 17:36:12,082: 	 Getting myproxy life time left for myproxy.cern.ch
DEBUG 2015-04-28 17:36:12,082: 	 Calculating hash of /C=TW/O=AP/OU=GRID/CN=Bibhuti Parida 158514_cmsweb.cern.ch for credential name
DEBUG 2015-04-28 17:36:13,188: 	 Executing : 
 command : myproxy-info -l 272d01933f87a0b483da744cd7ecec278e81b2db -s myproxy.cern.ch
 output : username: 272d01933f87a0b483da744cd7ecec278e81b2db
owner: /C=TW/O=AP/OU=GRID/CN=Bibhuti Parida 158514
  renewal policy: /DC=ch/DC=cern/OU=computers/CN=vocms(3[136]|21|045|052|021|031).cern.ch
  trusted retrieval policy: /DC=ch/DC=cern/OU=computers/CN=vocms(3[136]|21|045|052|021|031).cern.ch
  timeleft: 691:33:19  (28.8 days)

 error: 
 retcode : 0
DEBUG 2015-04-28 17:36:13,190: 	 Myproxy is valid: 2489599
DEBUG 2015-04-28 17:36:13,190: 	 Command use: status
DEBUG 2015-04-28 17:36:13,190: 	 Options use: ['crab_zh_without_file']
DEBUG 2015-04-28 17:36:14,477: 	 CRABClient version: 3.3.15.patch1 Compatible
DEBUG 2015-04-28 17:36:14,477: 	 Instance is prod
DEBUG 2015-04-28 17:36:14,477: 	 Server base url is cmsweb.cern.ch
DEBUG 2015-04-28 17:36:14,477: 	 Command url /crabserver/prod/workflow
DEBUG 2015-04-28 17:36:14,477: 	 Looking up detailed status of task 150428_214629:bparida_crab_zh_without_file
DEBUG 2015-04-28 17:36:17,306: 	 {'status': 'SUBMITTED', 'saveLogs': 'T', 'jobsPerStatus': {'failed': 1, 'finished': 1, 'running': 2, 'transferred': 1}, 'jobs': {'1': {'State': 'finished'}, '3': {'State': 'running'}, '2': {'State': 'transferred'}, '5': {'State': 'running'}, '4': {'State': 'failed', 'Error': [8022, "CmsRunFailure\nCMSSW error message follows.\nFatal Exception\nAn exception of category 'FatalRootError' occurred while\n   [0] Constructing the EventProcessor\n   [1] Constructing input source of type PoolSource\n   Additional Info:\n      [a] Fatal Root Error: @SUB=TKey::ReadFile\nFailed to read data.\n", {'type': 'Fatal Exception', 'details': "An exception of category 'FatalRootError' occurred while\n   [0] Constructing the EventProcessor\n   [1] Constructing input source of type PoolSource\n   Additional Info:\n      [a] Fatal Root Error: @SUB=TKey::ReadFile\nFailed to read data.", 'exitCode': '8022'}]}}, 'publication': {}, 'taskWarningMsg': [], 'taskFailureMsg': '', 'failedJobdefs': 0, 'ASOURL': 'https://cmsweb.cern.ch/couchdb', 'pool': {}, 'totalJobdefs': 0, 'jobSetID': '150428_214629:bparida_crab_zh_without_file', 'jobdefErrors': [], 'outdatasets': None, 'jobList': [['finished', 1], ['running', 3], ['transferred', 2], ['running', 5], ['failed', 4]]}
INFO 2015-04-28 17:36:17,306: 	 Task name:			150428_214629:bparida_crab_zh_without_file
INFO 2015-04-28 17:36:17,307: 	 Task status:			SUBMITTED
INFO 2015-04-28 17:36:17,307: 	 Glidemon monitoring URL:	http://glidemon.web.cern.ch/glidemon/jobs.php?taskname=150428_214629%3Abparida_crab_zh_without_file
INFO 2015-04-28 17:36:17,307: 	 Dashboard monitoring URL:	http://dashb-cms-job.cern.ch/dashboard/templates/task-analysis/#user=crab&refresh=0&table=Jobs&p=1&records=25&activemenu=2&status=&site=&tid=150428_214629%3Abparida_crab_zh_without_file
INFO 2015-04-28 17:36:17,307: 	 Details:			failed         20.0% (1/5)
INFO 2015-04-28 17:36:17,307: 	 				finished       20.0% (1/5)
INFO 2015-04-28 17:36:17,307: 	 				running        40.0% (2/5)
INFO 2015-04-28 17:36:17,307: 	 				transferred    20.0% (1/5)
INFO 2015-04-28 17:36:17,308: 	 
Error summary:
1 jobs failed with exit code 8022:
	CmsRunFailure
	CMSSW error message follows.
	Fatal Exception
	An exception of category 'FatalRootError' occurred while
	   [0] Constructing the EventProcessor
	   [1] Constructing input source of type PoolSource
	   Additional Info:
	      [a] Fatal Root Error: @SUB=TKey::ReadFile
	Failed to read data.
	
Have a look at https://twiki.cern.ch/twiki/bin/viewauth/CMSPublic/JobExitCodes for a description of the exit codes
DEBUG 2015-04-28 17:37:20,870: 	 Executing command: 'getlog'
DEBUG 2015-04-28 17:37:20,871: 	 Found /uscms/home/bparida/.crab3 file
DEBUG 2015-04-28 17:37:20,893: 	 Checking credentials
DEBUG 2015-04-28 17:37:20,894: 	 Found proxy file /tmp/x509up_u47333
DEBUG 2015-04-28 17:37:20,894: 	 Getting proxy life time left
DEBUG 2015-04-28 17:37:20,997: 	 Executing : 
 command : voms-proxy-info -file /tmp/x509up_u47333 -timeleft
 output : 27043

 error: 
 retcode : 0
DEBUG 2015-04-28 17:37:21,100: 	 Executing : 
 command : voms-proxy-info -file /tmp/x509up_u47333 -actimeleft
 output : 27042

 error: 
 retcode : 0
DEBUG 2015-04-28 17:37:21,100: 	 Proxy valid for 07:30:43 hours
DEBUG 2015-04-28 17:37:21,213: 	 Executing : 
 command : openssl x509 -in ~/.globus/usercert.pem -subject -noout
 output : subject= /C=TW/O=AP/OU=GRID/CN=Bibhuti Parida 158514

 error: WARNING: can't open config file: /build/dmwmbld/srv/state/dmwmbld/builds/comp_gcc481/w/tmp/BUILDROOT/779a792f862039a4ebba572299ebbb36/build/dmwmbld/srv/state/dmwmbld/builds/comp_gcc481/w/slc6_amd64_gcc481/external/openssl/1.0.1m-comp/ssl/openssl.cnf

 retcode : 0
DEBUG 2015-04-28 17:37:21,213: 	 Checking credentials
DEBUG 2015-04-28 17:37:21,213: 	 Found proxy file /tmp/x509up_u47333
DEBUG 2015-04-28 17:37:21,213: 	 Getting proxy life time left
DEBUG 2015-04-28 17:37:21,316: 	 Executing : 
 command : voms-proxy-info -file /tmp/x509up_u47333 -timeleft
 output : 27042

 error: 
 retcode : 0
DEBUG 2015-04-28 17:37:21,419: 	 Executing : 
 command : voms-proxy-info -file /tmp/x509up_u47333 -actimeleft
 output : 27042

 error: 
 retcode : 0
DEBUG 2015-04-28 17:37:21,419: 	 Proxy valid for 07:30:42 hours
DEBUG 2015-04-28 17:37:21,521: 	 Executing : 
 command : env X509_USER_PROXY=/tmp/x509up_u47333 voms-proxy-info -fqan
 output : /cms/Role=NULL/Capability=NULL

 error: 
 retcode : 0
DEBUG 2015-04-28 17:37:22,917: 	 Registering user credentials for server /DC=ch/DC=cern/OU=computers/CN=vocms(3[136]|21|045|052|021|031).cern.ch
DEBUG 2015-04-28 17:37:23,025: 	 Executing : 
 command : openssl x509 -in ~/.globus/usercert.pem -subject -noout
 output : subject= /C=TW/O=AP/OU=GRID/CN=Bibhuti Parida 158514

 error: WARNING: can't open config file: /build/dmwmbld/srv/state/dmwmbld/builds/comp_gcc481/w/tmp/BUILDROOT/779a792f862039a4ebba572299ebbb36/build/dmwmbld/srv/state/dmwmbld/builds/comp_gcc481/w/slc6_amd64_gcc481/external/openssl/1.0.1m-comp/ssl/openssl.cnf

 retcode : 0
DEBUG 2015-04-28 17:37:23,025: 	 Getting myproxy life time left for myproxy.cern.ch
DEBUG 2015-04-28 17:37:23,025: 	 Calculating hash of /C=TW/O=AP/OU=GRID/CN=Bibhuti Parida 158514_cmsweb.cern.ch for credential name
DEBUG 2015-04-28 17:37:24,130: 	 Executing : 
 command : myproxy-info -l 272d01933f87a0b483da744cd7ecec278e81b2db -s myproxy.cern.ch
 output : username: 272d01933f87a0b483da744cd7ecec278e81b2db
owner: /C=TW/O=AP/OU=GRID/CN=Bibhuti Parida 158514
  renewal policy: /DC=ch/DC=cern/OU=computers/CN=vocms(3[136]|21|045|052|021|031).cern.ch
  trusted retrieval policy: /DC=ch/DC=cern/OU=computers/CN=vocms(3[136]|21|045|052|021|031).cern.ch
  timeleft: 691:32:08  (28.8 days)

 error: 
 retcode : 0
DEBUG 2015-04-28 17:37:24,132: 	 Myproxy is valid: 2489528
DEBUG 2015-04-28 17:37:24,132: 	 Command use: getlog
DEBUG 2015-04-28 17:37:24,132: 	 Options use: ['crab_zh_without_file']
DEBUG 2015-04-28 17:37:25,359: 	 CRABClient version: 3.3.15.patch1 Compatible
DEBUG 2015-04-28 17:37:25,359: 	 Instance is prod
DEBUG 2015-04-28 17:37:25,359: 	 Server base url is cmsweb.cern.ch
DEBUG 2015-04-28 17:37:25,359: 	 Command url /crabserver/prod/workflow
DEBUG 2015-04-28 17:37:25,359: 	 Retrieving locations for task 150428_214629:bparida_crab_zh_without_file
DEBUG 2015-04-28 17:37:25,359: 	 Retrieving all file locations
DEBUG 2015-04-28 17:37:28,826: 	 Server result: {'result': [{'checksum': {'adler32': '6d1096fe', 'cksum': 3701783610, 'md5': '6d1096fe'}, 'pfn': 'srm://cmseos.fnal.gov:8443/srm/v2/server?SFN=/eos/uscms/store/user/bparida/test_job/new/ZH_HToBB_ZToLL_M-125_13TeV_powheg-herwigpp/ZH_without_file/150428_214629/0000/log/cmsRun_1.log.tar.gz', 'lfn': '/store/user/bparida/test_job/new/ZH_HToBB_ZToLL_M-125_13TeV_powheg-herwigpp/ZH_without_file/150428_214629/0000/log/cmsRun_1.log.tar.gz', 'jobid': 1, 'size': 6689648}, {'checksum': {'adler32': '6d1096fe', 'cksum': 3701783610, 'md5': '6d1096fe'}, 'pfn': 'srm://cmseos.fnal.gov:8443/srm/v2/server?SFN=/eos/uscms/store/user/bparida/test_job/new/ZH_HToBB_ZToLL_M-125_13TeV_powheg-herwigpp/ZH_without_file/150428_214629/0000/failed/log/cmsRun_4.log.tar.gz', 'lfn': '/store/user/bparida/test_job/new/ZH_HToBB_ZToLL_M-125_13TeV_powheg-herwigpp/ZH_without_file/150428_214629/0000/failed/log/cmsRun_4.log.tar.gz', 'jobid': 4, 'size': 1794}, {'checksum': {'adler32': '6d1096fe', 'cksum': 3701783610, 'md5': '6d1096fe'}, 'pfn': 'srm://cmseos.fnal.gov:8443/srm/v2/server?SFN=/eos/uscms/store/user/bparida/test_job/new/ZH_HToBB_ZToLL_M-125_13TeV_powheg-herwigpp/ZH_without_file/150428_214629/0000/failed/log/cmsRun_1.log.tar.gz', 'lfn': '/store/user/bparida/test_job/new/ZH_HToBB_ZToLL_M-125_13TeV_powheg-herwigpp/ZH_without_file/150428_214629/0000/failed/log/cmsRun_1.log.tar.gz', 'jobid': 1, 'size': 1900}, {'checksum': {'adler32': '6d1096fe', 'cksum': 3701783610, 'md5': '6d1096fe'}, 'pfn': 'srm://cmseos.fnal.gov:8443/srm/v2/server?SFN=/eos/uscms/store/user/bparida/test_job/new/ZH_HToBB_ZToLL_M-125_13TeV_powheg-herwigpp/ZH_without_file/150428_214629/0000/log/cmsRun_2.log.tar.gz', 'lfn': '/store/user/bparida/test_job/new/ZH_HToBB_ZToLL_M-125_13TeV_powheg-herwigpp/ZH_without_file/150428_214629/0000/log/cmsRun_2.log.tar.gz', 'jobid': 2, 'size': 2695604}], 'desc': {'columns': ['tm_taskname', 'panda_jobset_id', 'tm_task_status', 'tm_user_role', 'tm_user_group', 'tm_task_failure', 'tm_split_args', 'panda_resubmitted_jobs', 'tm_save_logs', 'tm_username', 'tm_user_dn', 'tm_arguments', 'tm_input_dataset', 'tm_dbs_url', 'tm_task_warnings', 'tm_publication', 'tm_user_webdir', 'tm_asourl', 'tm_output_dataset', 'tm_collector', 'tm_schedd', 'tm_dry_run']}}
INFO 2015-04-28 17:37:28,827: 	 Setting the destination to /uscms_data/d3/bparida/VHbb/new_receipe/miniAOD_Analysis/Correction/CMSSW_7_3_1_patch2/src/Test/MiniAnalyzer/crab_zh_without_file/results 
INFO 2015-04-28 17:37:28,827: 	 Retrieving 4 files
DEBUG 2015-04-28 17:37:28,827: 	 Executing command: 'remote_copy'
DEBUG 2015-04-28 17:37:28,828: 	 Found /uscms/home/bparida/.crab3 file
DEBUG 2015-04-28 17:37:28,831: 	 Skipping proxy creation
DEBUG 2015-04-28 17:37:28,832: 	 Command use: remote_copy
DEBUG 2015-04-28 17:37:28,832: 	 Options use: ['--destination', '/uscms_data/d3/bparida/VHbb/new_receipe/miniAOD_Analysis/Correction/CMSSW_7_3_1_patch2/src/Test/MiniAnalyzer/crab_zh_without_file/results', '--input', [{'checksum': {'adler32': '6d1096fe', 'cksum': 3701783610, 'md5': '6d1096fe'}, 'pfn': 'srm://cmseos.fnal.gov:8443/srm/v2/server?SFN=/eos/uscms/store/user/bparida/test_job/new/ZH_HToBB_ZToLL_M-125_13TeV_powheg-herwigpp/ZH_without_file/150428_214629/0000/log/cmsRun_1.log.tar.gz', 'lfn': '/store/user/bparida/test_job/new/ZH_HToBB_ZToLL_M-125_13TeV_powheg-herwigpp/ZH_without_file/150428_214629/0000/log/cmsRun_1.log.tar.gz', 'jobid': 1, 'size': 6689648}, {'checksum': {'adler32': '6d1096fe', 'cksum': 3701783610, 'md5': '6d1096fe'}, 'pfn': 'srm://cmseos.fnal.gov:8443/srm/v2/server?SFN=/eos/uscms/store/user/bparida/test_job/new/ZH_HToBB_ZToLL_M-125_13TeV_powheg-herwigpp/ZH_without_file/150428_214629/0000/failed/log/cmsRun_4.log.tar.gz', 'lfn': '/store/user/bparida/test_job/new/ZH_HToBB_ZToLL_M-125_13TeV_powheg-herwigpp/ZH_without_file/150428_214629/0000/failed/log/cmsRun_4.log.tar.gz', 'jobid': 4, 'size': 1794}, {'checksum': {'adler32': '6d1096fe', 'cksum': 3701783610, 'md5': '6d1096fe'}, 'pfn': 'srm://cmseos.fnal.gov:8443/srm/v2/server?SFN=/eos/uscms/store/user/bparida/test_job/new/ZH_HToBB_ZToLL_M-125_13TeV_powheg-herwigpp/ZH_without_file/150428_214629/0000/failed/log/cmsRun_1.log.tar.gz', 'lfn': '/store/user/bparida/test_job/new/ZH_HToBB_ZToLL_M-125_13TeV_powheg-herwigpp/ZH_without_file/150428_214629/0000/failed/log/cmsRun_1.log.tar.gz', 'jobid': 1, 'size': 1900}, {'checksum': {'adler32': '6d1096fe', 'cksum': 3701783610, 'md5': '6d1096fe'}, 'pfn': 'srm://cmseos.fnal.gov:8443/srm/v2/server?SFN=/eos/uscms/store/user/bparida/test_job/new/ZH_HToBB_ZToLL_M-125_13TeV_powheg-herwigpp/ZH_without_file/150428_214629/0000/log/cmsRun_2.log.tar.gz', 'lfn': '/store/user/bparida/test_job/new/ZH_HToBB_ZToLL_M-125_13TeV_powheg-herwigpp/ZH_without_file/150428_214629/0000/log/cmsRun_2.log.tar.gz', 'jobid': 2, 'size': 2695604}], '--dir', 'crab_zh_without_file', '--proxy', '/tmp/x509up_u47333', '--parallel', None, '--wait', None]
DEBUG 2015-04-28 17:37:29,927: 	 CRABClient version: 3.3.15.patch1 Compatible
DEBUG 2015-04-28 17:37:29,927: 	 Instance is prod
DEBUG 2015-04-28 17:37:29,927: 	 Server base url is cmsweb.cern.ch
DEBUG 2015-04-28 17:37:29,927: 	 Command url /crabserver/prod/workflow
INFO 2015-04-28 17:37:29,946: 	 Will use `lcg-cp` command for file transfers
DEBUG 2015-04-28 17:37:29,973: 	 Starting ChildProcess with 10 ChildProcess
INFO 2015-04-28 17:37:29,996: 	 Placing file 'cmsRun_1.log.tar.gz' in retrieval queue 
INFO 2015-04-28 17:37:30,003: 	 Placing file 'cmsRun_4.log.tar.gz' in retrieval queue 
INFO 2015-04-28 17:37:30,011: 	 Placing file 'cmsRun_1.log.tar.gz' in retrieval queue 
INFO 2015-04-28 17:37:30,018: 	 Placing file 'cmsRun_2.log.tar.gz' in retrieval queue 
INFO 2015-04-28 17:37:30,019: 	 Please wait
DEBUG 2015-04-28 17:37:30,019: 	 stopchildproc() method has been called
INFO 2015-04-28 17:38:30,598: 	 Number of files successfully retrieved: 2
INFO 2015-04-28 17:38:30,598: 	 Number of files failed to be retrieved: 1
DEBUG 2015-04-28 21:05:59,716: 	 Executing command: 'status'
DEBUG 2015-04-28 21:05:59,717: 	 Found /uscms/home/bparida/.crab3 file
DEBUG 2015-04-28 21:05:59,724: 	 Checking credentials
DEBUG 2015-04-28 21:05:59,724: 	 Found proxy file /tmp/x509up_u47333
DEBUG 2015-04-28 21:05:59,724: 	 Getting proxy life time left
DEBUG 2015-04-28 21:05:59,827: 	 Executing : 
 command : voms-proxy-info -file /tmp/x509up_u47333 -timeleft
 output : 43149

 error: 
 retcode : 0
DEBUG 2015-04-28 21:05:59,930: 	 Executing : 
 command : voms-proxy-info -file /tmp/x509up_u47333 -actimeleft
 output : 43149

 error: 
 retcode : 0
DEBUG 2015-04-28 21:05:59,930: 	 Proxy valid for 11:59:09 hours
DEBUG 2015-04-28 21:06:00,041: 	 Executing : 
 command : openssl x509 -in ~/.globus/usercert.pem -subject -noout
 output : subject= /C=TW/O=AP/OU=GRID/CN=Bibhuti Parida 158514

 error: WARNING: can't open config file: /build/dmwmbld/srv/state/dmwmbld/builds/comp_gcc481/w/tmp/BUILDROOT/779a792f862039a4ebba572299ebbb36/build/dmwmbld/srv/state/dmwmbld/builds/comp_gcc481/w/slc6_amd64_gcc481/external/openssl/1.0.1m-comp/ssl/openssl.cnf

 retcode : 0
DEBUG 2015-04-28 21:06:00,042: 	 Checking credentials
DEBUG 2015-04-28 21:06:00,042: 	 Found proxy file /tmp/x509up_u47333
DEBUG 2015-04-28 21:06:00,042: 	 Getting proxy life time left
DEBUG 2015-04-28 21:06:00,144: 	 Executing : 
 command : voms-proxy-info -file /tmp/x509up_u47333 -timeleft
 output : 43148

 error: 
 retcode : 0
DEBUG 2015-04-28 21:06:00,247: 	 Executing : 
 command : voms-proxy-info -file /tmp/x509up_u47333 -actimeleft
 output : 43148

 error: 
 retcode : 0
DEBUG 2015-04-28 21:06:00,247: 	 Proxy valid for 11:59:08 hours
DEBUG 2015-04-28 21:06:00,350: 	 Executing : 
 command : env X509_USER_PROXY=/tmp/x509up_u47333 voms-proxy-info -fqan
 output : /cms/Role=NULL/Capability=NULL

 error: 
 retcode : 0
DEBUG 2015-04-28 21:06:01,268: 	 Registering user credentials for server /DC=ch/DC=cern/OU=computers/CN=vocms(3[136]|21|045|052|021|031).cern.ch
DEBUG 2015-04-28 21:06:01,376: 	 Executing : 
 command : openssl x509 -in ~/.globus/usercert.pem -subject -noout
 output : subject= /C=TW/O=AP/OU=GRID/CN=Bibhuti Parida 158514

 error: WARNING: can't open config file: /build/dmwmbld/srv/state/dmwmbld/builds/comp_gcc481/w/tmp/BUILDROOT/779a792f862039a4ebba572299ebbb36/build/dmwmbld/srv/state/dmwmbld/builds/comp_gcc481/w/slc6_amd64_gcc481/external/openssl/1.0.1m-comp/ssl/openssl.cnf

 retcode : 0
DEBUG 2015-04-28 21:06:01,376: 	 Getting myproxy life time left for myproxy.cern.ch
DEBUG 2015-04-28 21:06:01,376: 	 Calculating hash of /C=TW/O=AP/OU=GRID/CN=Bibhuti Parida 158514_cmsweb.cern.ch for credential name
DEBUG 2015-04-28 21:06:02,381: 	 Executing : 
 command : myproxy-info -l 272d01933f87a0b483da744cd7ecec278e81b2db -s myproxy.cern.ch
 output : username: 272d01933f87a0b483da744cd7ecec278e81b2db
owner: /C=TW/O=AP/OU=GRID/CN=Bibhuti Parida 158514
  renewal policy: /DC=ch/DC=cern/OU=computers/CN=vocms(3[136]|21|045|052|021|031).cern.ch
  trusted retrieval policy: /DC=ch/DC=cern/OU=computers/CN=vocms(3[136]|21|045|052|021|031).cern.ch
  timeleft: 688:03:30  (28.7 days)

 error: 
 retcode : 0
DEBUG 2015-04-28 21:06:02,382: 	 Myproxy is valid: 2477010
DEBUG 2015-04-28 21:06:02,382: 	 Command use: status
DEBUG 2015-04-28 21:06:02,382: 	 Options use: ['crab_zh_without_file']
DEBUG 2015-04-28 21:06:03,269: 	 CRABClient version: 3.3.15.patch1 Compatible
DEBUG 2015-04-28 21:06:03,269: 	 Instance is prod
DEBUG 2015-04-28 21:06:03,269: 	 Server base url is cmsweb.cern.ch
DEBUG 2015-04-28 21:06:03,269: 	 Command url /crabserver/prod/workflow
DEBUG 2015-04-28 21:06:03,269: 	 Looking up detailed status of task 150428_214629:bparida_crab_zh_without_file
DEBUG 2015-04-28 21:06:06,843: 	 {'status': 'FAILED', 'saveLogs': 'T', 'jobsPerStatus': {'failed': 3, 'finished': 2}, 'jobs': {'1': {'State': 'finished'}, '3': {'State': 'failed', 'Error': [8021, "CmsRunFailure\nCMSSW error message follows.\nFatal Exception\nAn exception of category 'FileReadError' occurred while\n   [0] Processing run: 1 lumi: 1387 event: 110449\n   [1] Running path 'p'\n   [2] Calling event method for module MiniAnalyzer/'demo'\n   [3] Reading branch recoGenJets_slimmedGenJets__PAT.\n   [4] Calling XrdFile::readv()\nException Message:\nXrdFile::readv(name='root://xrootd-cms.infn.it:1194//store/mc/Phys14DR/ZH_HToBB_ZToLL_M-125_13TeV_powheg-herwigpp/MINIAODSIM/PU20bx25_tsg_PHYS14_25_V1-v1/40000/8E33A2C0-77A5-E411-8D43-002481E0DDBE.root').size=2204 Chunk of 1085149 requested but 0 bytes returned by server.\n   Additional Info:\n      [a] Operation timeout expired.  This is possibly a temporary issue which may go away on retry.\n      [b] Current server connection: root://dpmdisk02.inr.troitsk.ru:1095//store/mc/Phys14DR/ZH_HToBB_ZToLL_M-125_13TeV_powheg-herwigpp/MINIAODSIM/PU20bx25_tsg_PHYS14_25_V1-v1/40000/8E33A2C0-77A5-E411-8D43-002481E0DDBE.root\n", {'type': 'Fatal Exception', 'details': "An exception of category 'FileReadError' occurred while\n   [0] Processing run: 1 lumi: 1387 event: 110449\n   [1] Running path 'p'\n   [2] Calling event method for module MiniAnalyzer/'demo'\n   [3] Reading branch recoGenJets_slimmedGenJets__PAT.\n   [4] Calling XrdFile::readv()\nException Message:\nXrdFile::readv(name='root://xrootd-cms.infn.it:1194//store/mc/Phys14DR/ZH_HToBB_ZToLL_M-125_13TeV_powheg-herwigpp/MINIAODSIM/PU20bx25_tsg_PHYS14_25_V1-v1/40000/8E33A2C0-77A5-E411-8D43-002481E0DDBE.root').size=2204 Chunk of 1085149 requested but 0 bytes returned by server.\n   Additional Info:\n      [a] Operation timeout expired.  This is possibly a temporary issue which may go away on retry.\n      [b] Current server connection: root://dpmdisk02.inr.troitsk.ru:1095//store/mc/Phys14DR/ZH_HToBB_ZToLL_M-125_13TeV_powheg-herwigpp/MINIAODSIM/PU20bx25_tsg_PHYS14_25_V1-v1/40000/8E33A2C0-77A5-E411-8D43-002481E0DDBE.root", 'exitCode': '8021'}]}, '2': {'State': 'finished'}, '5': {'State': 'failed', 'Error': [8028, "CmsRunFailure\nCMSSW error message follows.\nFatal Exception\nAn exception of category 'FallbackFileOpenError' occurred while\n   [0] Constructing the EventProcessor\n   [1] Constructing input source of type PoolSource\n   [2] Calling RootInputFileSequence::initFile()\n   [3] Calling StorageFactory::open()\n   [4] Calling XrdFile::open()\nException Message:\nFailed to open the file 'root://xrootd-cms.infn.it:1194//store/mc/Phys14DR/ZH_HToBB_ZToLL_M-125_13TeV_powheg-herwigpp/MINIAODSIM/PU20bx25_tsg_PHYS14_25_V1-v1/40000/A8740B98-77A5-E411-AA4C-002590DB918C.root'\n   Additional Info:\n      [a] Input file dcap://cluster142.knu.ac.kr//pnfs/knu.ac.kr/data/cms/store/mc/Phys14DR/ZH_HToBB_ZToLL_M-125_13TeV_powheg-herwigpp/MINIAODSIM/PU20bx25_tsg_PHYS14_25_V1-v1/40000/A8740B98-77A5-E411-AA4C-002590DB918C.root could not be opened.\nFallback Input file root://xrootd-cms.infn.it:1194//store/mc/Phys14DR/ZH_HToBB_ZToLL_M-125_13TeV_powheg-herwigpp/MINIAODSIM/PU20bx25_tsg_PHYS14_25_V1-v1/40000/A8740B98-77A5-E411-AA4C-002590DB918C.root also could not be opened.\n      [b] XrdClient::Open(name='root://xrootd-cms.infn.it:1194//store/mc/Phys14DR/ZH_HToBB_ZToLL_M-125_13TeV_powheg-herwigpp/MINIAODSIM/PU20bx25_tsg_PHYS14_25_V1-v1/40000/A8740B98-77A5-E411-AA4C-002590DB918C.root', flags=0x10, permissions=0666) => error '' (errno=10000)\n      [c] Operation timeout expired.  This is possibly a temporary issue which may go away on retry.\n      [d] Current server connection: root://xrootd-cms.infn.it:1094//store/mc/Phys14DR/ZH_HToBB_ZToLL_M-125_13TeV_powheg-herwigpp/MINIAODSIM/PU20bx25_tsg_PHYS14_25_V1-v1/40000/A8740B98-77A5-E411-AA4C-002590DB918C.root\n", {'type': 'Fatal Exception', 'details': "An exception of category 'FallbackFileOpenError' occurred while\n   [0] Constructing the EventProcessor\n   [1] Constructing input source of type PoolSource\n   [2] Calling RootInputFileSequence::initFile()\n   [3] Calling StorageFactory::open()\n   [4] Calling XrdFile::open()\nException Message:\nFailed to open the file 'root://xrootd-cms.infn.it:1194//store/mc/Phys14DR/ZH_HToBB_ZToLL_M-125_13TeV_powheg-herwigpp/MINIAODSIM/PU20bx25_tsg_PHYS14_25_V1-v1/40000/A8740B98-77A5-E411-AA4C-002590DB918C.root'\n   Additional Info:\n      [a] Input file dcap://cluster142.knu.ac.kr//pnfs/knu.ac.kr/data/cms/store/mc/Phys14DR/ZH_HToBB_ZToLL_M-125_13TeV_powheg-herwigpp/MINIAODSIM/PU20bx25_tsg_PHYS14_25_V1-v1/40000/A8740B98-77A5-E411-AA4C-002590DB918C.root could not be opened.\nFallback Input file root://xrootd-cms.infn.it:1194//store/mc/Phys14DR/ZH_HToBB_ZToLL_M-125_13TeV_powheg-herwigpp/MINIAODSIM/PU20bx25_tsg_PHYS14_25_V1-v1/40000/A8740B98-77A5-E411-AA4C-002590DB918C.root also could not be opened.\n      [b] XrdClient::Open(name='root://xrootd-cms.infn.it:1194//store/mc/Phys14DR/ZH_HToBB_ZToLL_M-125_13TeV_powheg-herwigpp/MINIAODSIM/PU20bx25_tsg_PHYS14_25_V1-v1/40000/A8740B98-77A5-E411-AA4C-002590DB918C.root', flags=0x10, permissions=0666) => error '' (errno=10000)\n      [c] Operation timeout expired.  This is possibly a temporary issue which may go away on retry.\n      [d] Current server connection: root://xrootd-cms.infn.it:1094//store/mc/Phys14DR/ZH_HToBB_ZToLL_M-125_13TeV_powheg-herwigpp/MINIAODSIM/PU20bx25_tsg_PHYS14_25_V1-v1/40000/A8740B98-77A5-E411-AA4C-002590DB918C.root", 'exitCode': '8028'}]}, '4': {'State': 'failed', 'Error': [8022, "CmsRunFailure\nCMSSW error message follows.\nFatal Exception\nAn exception of category 'FatalRootError' occurred while\n   [0] Constructing the EventProcessor\n   [1] Constructing input source of type PoolSource\n   Additional Info:\n      [a] Fatal Root Error: @SUB=TKey::ReadFile\nFailed to read data.\n", {'type': 'Fatal Exception', 'details': "An exception of category 'FatalRootError' occurred while\n   [0] Constructing the EventProcessor\n   [1] Constructing input source of type PoolSource\n   Additional Info:\n      [a] Fatal Root Error: @SUB=TKey::ReadFile\nFailed to read data.", 'exitCode': '8022'}]}}, 'publication': {}, 'taskWarningMsg': [], 'taskFailureMsg': '', 'failedJobdefs': 0, 'ASOURL': 'https://cmsweb.cern.ch/couchdb', 'pool': {}, 'totalJobdefs': 0, 'jobSetID': '150428_214629:bparida_crab_zh_without_file', 'jobdefErrors': [], 'outdatasets': None, 'jobList': [['finished', 1], ['failed', 3], ['finished', 2], ['failed', 5], ['failed', 4]]}
INFO 2015-04-28 21:06:06,843: 	 Task name:			150428_214629:bparida_crab_zh_without_file
INFO 2015-04-28 21:06:06,843: 	 Task status:			FAILED
INFO 2015-04-28 21:06:06,843: 	 Glidemon monitoring URL:	http://glidemon.web.cern.ch/glidemon/jobs.php?taskname=150428_214629%3Abparida_crab_zh_without_file
INFO 2015-04-28 21:06:06,843: 	 Dashboard monitoring URL:	http://dashb-cms-job.cern.ch/dashboard/templates/task-analysis/#user=crab&refresh=0&table=Jobs&p=1&records=25&activemenu=2&status=&site=&tid=150428_214629%3Abparida_crab_zh_without_file
INFO 2015-04-28 21:06:06,844: 	 Details:			failed         60.0% (3/5)
INFO 2015-04-28 21:06:06,844: 	 				finished       40.0% (2/5)
INFO 2015-04-28 21:06:06,844: 	 
Error summary:
1 jobs failed with exit code 8028:
	CmsRunFailure
	CMSSW error message follows.
	Fatal Exception
	An exception of category 'FallbackFileOpenError' occurred while
	   [0] Constructing the EventProcessor
	   [1] Constructing input source of type PoolSource
	   [2] Calling RootInputFileSequence::initFile()
	   [3] Calling StorageFactory::open()
	   [4] Calling XrdFile::open()
	Exception Message:
	Failed to open the file 'root://xrootd-cms.infn.it:1194//store/mc/Phys14DR/ZH_HToBB_ZToLL_M-125_13TeV_powheg-herwigpp/MINIAODSIM/PU20bx25_tsg_PHYS14_25_V1-v1/40000/A8740B98-77A5-E411-AA4C-002590DB918C.root'
	   Additional Info:
	      [a] Input file dcap://cluster142.knu.ac.kr//pnfs/knu.ac.kr/data/cms/store/mc/Phys14DR/ZH_HToBB_ZToLL_M-125_13TeV_powheg-herwigpp/MINIAODSIM/PU20bx25_tsg_PHYS14_25_V1-v1/40000/A8740B98-77A5-E411-AA4C-002590DB918C.root could not be opened.
	Fallback Input file root://xrootd-cms.infn.it:1194//store/mc/Phys14DR/ZH_HToBB_ZToLL_M-125_13TeV_powheg-herwigpp/MINIAODSIM/PU20bx25_tsg_PHYS14_25_V1-v1/40000/A8740B98-77A5-E411-AA4C-002590DB918C.root also could not be opened.
	      [b] XrdClient::Open(name='root://xrootd-cms.infn.it:1194//store/mc/Phys14DR/ZH_HToBB_ZToLL_M-125_13TeV_powheg-herwigpp/MINIAODSIM/PU20bx25_tsg_PHYS14_25_V1-v1/40000/A8740B98-77A5-E411-AA4C-002590DB918C.root', flags=0x10, permissions=0666) => error '' (errno=10000)
	      [c] Operation timeout expired.  This is possibly a temporary issue which may go away on retry.
	      [d] Current server connection: root://xrootd-cms.infn.it:1094//store/mc/Phys14DR/ZH_HToBB_ZToLL_M-125_13TeV_powheg-herwigpp/MINIAODSIM/PU20bx25_tsg_PHYS14_25_V1-v1/40000/A8740B98-77A5-E411-AA4C-002590DB918C.root
	
1 jobs failed with exit code 8021:
	CmsRunFailure
	CMSSW error message follows.
	Fatal Exception
	An exception of category 'FileReadError' occurred while
	   [0] Processing run: 1 lumi: 1387 event: 110449
	   [1] Running path 'p'
	   [2] Calling event method for module MiniAnalyzer/'demo'
	   [3] Reading branch recoGenJets_slimmedGenJets__PAT.
	   [4] Calling XrdFile::readv()
	Exception Message:
	XrdFile::readv(name='root://xrootd-cms.infn.it:1194//store/mc/Phys14DR/ZH_HToBB_ZToLL_M-125_13TeV_powheg-herwigpp/MINIAODSIM/PU20bx25_tsg_PHYS14_25_V1-v1/40000/8E33A2C0-77A5-E411-8D43-002481E0DDBE.root').size=2204 Chunk of 1085149 requested but 0 bytes returned by server.
	   Additional Info:
	      [a] Operation timeout expired.  This is possibly a temporary issue which may go away on retry.
	      [b] Current server connection: root://dpmdisk02.inr.troitsk.ru:1095//store/mc/Phys14DR/ZH_HToBB_ZToLL_M-125_13TeV_powheg-herwigpp/MINIAODSIM/PU20bx25_tsg_PHYS14_25_V1-v1/40000/8E33A2C0-77A5-E411-8D43-002481E0DDBE.root
	
1 jobs failed with exit code 8022:
	CmsRunFailure
	CMSSW error message follows.
	Fatal Exception
	An exception of category 'FatalRootError' occurred while
	   [0] Constructing the EventProcessor
	   [1] Constructing input source of type PoolSource
	   Additional Info:
	      [a] Fatal Root Error: @SUB=TKey::ReadFile
	Failed to read data.
	
Have a look at https://twiki.cern.ch/twiki/bin/viewauth/CMSPublic/JobExitCodes for a description of the exit codes
DEBUG 2015-04-30 11:32:19,896: 	 Executing command: 'status'
DEBUG 2015-04-30 11:32:19,896: 	 Found /uscms/home/bparida/.crab3 file
DEBUG 2015-04-30 11:32:19,903: 	 Checking credentials
DEBUG 2015-04-30 11:32:19,904: 	 Found proxy file /tmp/x509up_u47333
DEBUG 2015-04-30 11:32:19,904: 	 Getting proxy life time left
DEBUG 2015-04-30 11:32:20,006: 	 Executing : 
 command : voms-proxy-info -file /tmp/x509up_u47333 -timeleft
 output : 43010

 error: 
 retcode : 0
DEBUG 2015-04-30 11:32:20,119: 	 Executing : 
 command : voms-proxy-info -file /tmp/x509up_u47333 -actimeleft
 output : 43009

 error: 
 retcode : 0
DEBUG 2015-04-30 11:32:20,119: 	 Proxy valid for 11:56:50 hours
DEBUG 2015-04-30 11:32:20,255: 	 Executing : 
 command : openssl x509 -in ~/.globus/usercert.pem -subject -noout
 output : subject= /C=TW/O=AP/OU=GRID/CN=Bibhuti Parida 158514

 error: WARNING: can't open config file: /build/dmwmbld/srv/state/dmwmbld/builds/comp_gcc481/w/tmp/BUILDROOT/779a792f862039a4ebba572299ebbb36/build/dmwmbld/srv/state/dmwmbld/builds/comp_gcc481/w/slc6_amd64_gcc481/external/openssl/1.0.1m-comp/ssl/openssl.cnf

 retcode : 0
DEBUG 2015-04-30 11:32:20,256: 	 Checking credentials
DEBUG 2015-04-30 11:32:20,256: 	 Found proxy file /tmp/x509up_u47333
DEBUG 2015-04-30 11:32:20,256: 	 Getting proxy life time left
DEBUG 2015-04-30 11:32:20,358: 	 Executing : 
 command : voms-proxy-info -file /tmp/x509up_u47333 -timeleft
 output : 43009

 error: 
 retcode : 0
DEBUG 2015-04-30 11:32:20,460: 	 Executing : 
 command : voms-proxy-info -file /tmp/x509up_u47333 -actimeleft
 output : 43009

 error: 
 retcode : 0
DEBUG 2015-04-30 11:32:20,460: 	 Proxy valid for 11:56:49 hours
DEBUG 2015-04-30 11:32:20,562: 	 Executing : 
 command : env X509_USER_PROXY=/tmp/x509up_u47333 voms-proxy-info -fqan
 output : /cms/Role=NULL/Capability=NULL

 error: 
 retcode : 0
DEBUG 2015-04-30 11:32:21,373: 	 Registering user credentials for server /DC=ch/DC=cern/OU=computers/CN=vocms(3[136]|21|045|052|021|031).cern.ch
DEBUG 2015-04-30 11:32:21,478: 	 Executing : 
 command : openssl x509 -in ~/.globus/usercert.pem -subject -noout
 output : subject= /C=TW/O=AP/OU=GRID/CN=Bibhuti Parida 158514

 error: WARNING: can't open config file: /build/dmwmbld/srv/state/dmwmbld/builds/comp_gcc481/w/tmp/BUILDROOT/779a792f862039a4ebba572299ebbb36/build/dmwmbld/srv/state/dmwmbld/builds/comp_gcc481/w/slc6_amd64_gcc481/external/openssl/1.0.1m-comp/ssl/openssl.cnf

 retcode : 0
DEBUG 2015-04-30 11:32:21,479: 	 Getting myproxy life time left for myproxy.cern.ch
DEBUG 2015-04-30 11:32:21,479: 	 Calculating hash of /C=TW/O=AP/OU=GRID/CN=Bibhuti Parida 158514_cmsweb.cern.ch for credential name
DEBUG 2015-04-30 11:32:22,383: 	 Executing : 
 command : myproxy-info -l 272d01933f87a0b483da744cd7ecec278e81b2db -s myproxy.cern.ch
 output : username: 272d01933f87a0b483da744cd7ecec278e81b2db
owner: /C=TW/O=AP/OU=GRID/CN=Bibhuti Parida 158514
  renewal policy: /DC=ch/DC=cern/OU=computers/CN=vocms(3[136]|21|045|052|021|031).cern.ch
  trusted retrieval policy: /DC=ch/DC=cern/OU=computers/CN=vocms(3[136]|21|045|052|021|031).cern.ch
  timeleft: 649:37:10  (27.1 days)

 error: 
 retcode : 0
DEBUG 2015-04-30 11:32:22,384: 	 Myproxy is valid: 2338630
DEBUG 2015-04-30 11:32:22,384: 	 Command use: status
DEBUG 2015-04-30 11:32:22,384: 	 Options use: ['crab_zh_without_file']
DEBUG 2015-04-30 11:32:23,123: 	 CRABClient version: 3.3.15.patch1 Compatible
DEBUG 2015-04-30 11:32:23,123: 	 Instance is prod
DEBUG 2015-04-30 11:32:23,123: 	 Server base url is cmsweb.cern.ch
DEBUG 2015-04-30 11:32:23,124: 	 Command url /crabserver/prod/workflow
DEBUG 2015-04-30 11:32:23,124: 	 Looking up detailed status of task 150428_214629:bparida_crab_zh_without_file
DEBUG 2015-04-30 11:32:25,677: 	 {'status': 'FAILED', 'saveLogs': 'T', 'jobsPerStatus': {'failed': 3, 'finished': 2}, 'jobs': {'1': {'State': 'finished'}, '3': {'State': 'failed', 'Error': [8021, "CmsRunFailure\nCMSSW error message follows.\nFatal Exception\nAn exception of category 'FileReadError' occurred while\n   [0] Processing run: 1 lumi: 1387 event: 110449\n   [1] Running path 'p'\n   [2] Calling event method for module MiniAnalyzer/'demo'\n   [3] Reading branch recoGenJets_slimmedGenJets__PAT.\n   [4] Calling XrdFile::readv()\nException Message:\nXrdFile::readv(name='root://xrootd-cms.infn.it:1194//store/mc/Phys14DR/ZH_HToBB_ZToLL_M-125_13TeV_powheg-herwigpp/MINIAODSIM/PU20bx25_tsg_PHYS14_25_V1-v1/40000/8E33A2C0-77A5-E411-8D43-002481E0DDBE.root').size=2204 Chunk of 1085149 requested but 0 bytes returned by server.\n   Additional Info:\n      [a] Operation timeout expired.  This is possibly a temporary issue which may go away on retry.\n      [b] Current server connection: root://dpmdisk02.inr.troitsk.ru:1095//store/mc/Phys14DR/ZH_HToBB_ZToLL_M-125_13TeV_powheg-herwigpp/MINIAODSIM/PU20bx25_tsg_PHYS14_25_V1-v1/40000/8E33A2C0-77A5-E411-8D43-002481E0DDBE.root\n", {'type': 'Fatal Exception', 'details': "An exception of category 'FileReadError' occurred while\n   [0] Processing run: 1 lumi: 1387 event: 110449\n   [1] Running path 'p'\n   [2] Calling event method for module MiniAnalyzer/'demo'\n   [3] Reading branch recoGenJets_slimmedGenJets__PAT.\n   [4] Calling XrdFile::readv()\nException Message:\nXrdFile::readv(name='root://xrootd-cms.infn.it:1194//store/mc/Phys14DR/ZH_HToBB_ZToLL_M-125_13TeV_powheg-herwigpp/MINIAODSIM/PU20bx25_tsg_PHYS14_25_V1-v1/40000/8E33A2C0-77A5-E411-8D43-002481E0DDBE.root').size=2204 Chunk of 1085149 requested but 0 bytes returned by server.\n   Additional Info:\n      [a] Operation timeout expired.  This is possibly a temporary issue which may go away on retry.\n      [b] Current server connection: root://dpmdisk02.inr.troitsk.ru:1095//store/mc/Phys14DR/ZH_HToBB_ZToLL_M-125_13TeV_powheg-herwigpp/MINIAODSIM/PU20bx25_tsg_PHYS14_25_V1-v1/40000/8E33A2C0-77A5-E411-8D43-002481E0DDBE.root", 'exitCode': '8021'}]}, '2': {'State': 'finished'}, '5': {'State': 'failed', 'Error': [8028, "CmsRunFailure\nCMSSW error message follows.\nFatal Exception\nAn exception of category 'FallbackFileOpenError' occurred while\n   [0] Constructing the EventProcessor\n   [1] Constructing input source of type PoolSource\n   [2] Calling RootInputFileSequence::initFile()\n   [3] Calling StorageFactory::open()\n   [4] Calling XrdFile::open()\nException Message:\nFailed to open the file 'root://xrootd-cms.infn.it:1194//store/mc/Phys14DR/ZH_HToBB_ZToLL_M-125_13TeV_powheg-herwigpp/MINIAODSIM/PU20bx25_tsg_PHYS14_25_V1-v1/40000/A8740B98-77A5-E411-AA4C-002590DB918C.root'\n   Additional Info:\n      [a] Input file dcap://cluster142.knu.ac.kr//pnfs/knu.ac.kr/data/cms/store/mc/Phys14DR/ZH_HToBB_ZToLL_M-125_13TeV_powheg-herwigpp/MINIAODSIM/PU20bx25_tsg_PHYS14_25_V1-v1/40000/A8740B98-77A5-E411-AA4C-002590DB918C.root could not be opened.\nFallback Input file root://xrootd-cms.infn.it:1194//store/mc/Phys14DR/ZH_HToBB_ZToLL_M-125_13TeV_powheg-herwigpp/MINIAODSIM/PU20bx25_tsg_PHYS14_25_V1-v1/40000/A8740B98-77A5-E411-AA4C-002590DB918C.root also could not be opened.\n      [b] XrdClient::Open(name='root://xrootd-cms.infn.it:1194//store/mc/Phys14DR/ZH_HToBB_ZToLL_M-125_13TeV_powheg-herwigpp/MINIAODSIM/PU20bx25_tsg_PHYS14_25_V1-v1/40000/A8740B98-77A5-E411-AA4C-002590DB918C.root', flags=0x10, permissions=0666) => error '' (errno=10000)\n      [c] Operation timeout expired.  This is possibly a temporary issue which may go away on retry.\n      [d] Current server connection: root://xrootd-cms.infn.it:1094//store/mc/Phys14DR/ZH_HToBB_ZToLL_M-125_13TeV_powheg-herwigpp/MINIAODSIM/PU20bx25_tsg_PHYS14_25_V1-v1/40000/A8740B98-77A5-E411-AA4C-002590DB918C.root\n", {'type': 'Fatal Exception', 'details': "An exception of category 'FallbackFileOpenError' occurred while\n   [0] Constructing the EventProcessor\n   [1] Constructing input source of type PoolSource\n   [2] Calling RootInputFileSequence::initFile()\n   [3] Calling StorageFactory::open()\n   [4] Calling XrdFile::open()\nException Message:\nFailed to open the file 'root://xrootd-cms.infn.it:1194//store/mc/Phys14DR/ZH_HToBB_ZToLL_M-125_13TeV_powheg-herwigpp/MINIAODSIM/PU20bx25_tsg_PHYS14_25_V1-v1/40000/A8740B98-77A5-E411-AA4C-002590DB918C.root'\n   Additional Info:\n      [a] Input file dcap://cluster142.knu.ac.kr//pnfs/knu.ac.kr/data/cms/store/mc/Phys14DR/ZH_HToBB_ZToLL_M-125_13TeV_powheg-herwigpp/MINIAODSIM/PU20bx25_tsg_PHYS14_25_V1-v1/40000/A8740B98-77A5-E411-AA4C-002590DB918C.root could not be opened.\nFallback Input file root://xrootd-cms.infn.it:1194//store/mc/Phys14DR/ZH_HToBB_ZToLL_M-125_13TeV_powheg-herwigpp/MINIAODSIM/PU20bx25_tsg_PHYS14_25_V1-v1/40000/A8740B98-77A5-E411-AA4C-002590DB918C.root also could not be opened.\n      [b] XrdClient::Open(name='root://xrootd-cms.infn.it:1194//store/mc/Phys14DR/ZH_HToBB_ZToLL_M-125_13TeV_powheg-herwigpp/MINIAODSIM/PU20bx25_tsg_PHYS14_25_V1-v1/40000/A8740B98-77A5-E411-AA4C-002590DB918C.root', flags=0x10, permissions=0666) => error '' (errno=10000)\n      [c] Operation timeout expired.  This is possibly a temporary issue which may go away on retry.\n      [d] Current server connection: root://xrootd-cms.infn.it:1094//store/mc/Phys14DR/ZH_HToBB_ZToLL_M-125_13TeV_powheg-herwigpp/MINIAODSIM/PU20bx25_tsg_PHYS14_25_V1-v1/40000/A8740B98-77A5-E411-AA4C-002590DB918C.root", 'exitCode': '8028'}]}, '4': {'State': 'failed', 'Error': [8022, "CmsRunFailure\nCMSSW error message follows.\nFatal Exception\nAn exception of category 'FatalRootError' occurred while\n   [0] Constructing the EventProcessor\n   [1] Constructing input source of type PoolSource\n   Additional Info:\n      [a] Fatal Root Error: @SUB=TKey::ReadFile\nFailed to read data.\n", {'type': 'Fatal Exception', 'details': "An exception of category 'FatalRootError' occurred while\n   [0] Constructing the EventProcessor\n   [1] Constructing input source of type PoolSource\n   Additional Info:\n      [a] Fatal Root Error: @SUB=TKey::ReadFile\nFailed to read data.", 'exitCode': '8022'}]}}, 'publication': {}, 'taskWarningMsg': [], 'taskFailureMsg': '', 'failedJobdefs': 0, 'ASOURL': 'https://cmsweb.cern.ch/couchdb', 'pool': {}, 'totalJobdefs': 0, 'jobSetID': '150428_214629:bparida_crab_zh_without_file', 'jobdefErrors': [], 'outdatasets': None, 'jobList': [['finished', 1], ['failed', 3], ['finished', 2], ['failed', 5], ['failed', 4]]}
INFO 2015-04-30 11:32:25,677: 	 Task name:			150428_214629:bparida_crab_zh_without_file
INFO 2015-04-30 11:32:25,677: 	 Task status:			FAILED
INFO 2015-04-30 11:32:25,677: 	 Glidemon monitoring URL:	http://glidemon.web.cern.ch/glidemon/jobs.php?taskname=150428_214629%3Abparida_crab_zh_without_file
INFO 2015-04-30 11:32:25,677: 	 Dashboard monitoring URL:	http://dashb-cms-job.cern.ch/dashboard/templates/task-analysis/#user=crab&refresh=0&table=Jobs&p=1&records=25&activemenu=2&status=&site=&tid=150428_214629%3Abparida_crab_zh_without_file
INFO 2015-04-30 11:32:25,677: 	 Details:			failed         60.0% (3/5)
INFO 2015-04-30 11:32:25,678: 	 				finished       40.0% (2/5)
INFO 2015-04-30 11:32:25,678: 	 
Error summary:
1 jobs failed with exit code 8028:
	CmsRunFailure
	CMSSW error message follows.
	Fatal Exception
	An exception of category 'FallbackFileOpenError' occurred while
	   [0] Constructing the EventProcessor
	   [1] Constructing input source of type PoolSource
	   [2] Calling RootInputFileSequence::initFile()
	   [3] Calling StorageFactory::open()
	   [4] Calling XrdFile::open()
	Exception Message:
	Failed to open the file 'root://xrootd-cms.infn.it:1194//store/mc/Phys14DR/ZH_HToBB_ZToLL_M-125_13TeV_powheg-herwigpp/MINIAODSIM/PU20bx25_tsg_PHYS14_25_V1-v1/40000/A8740B98-77A5-E411-AA4C-002590DB918C.root'
	   Additional Info:
	      [a] Input file dcap://cluster142.knu.ac.kr//pnfs/knu.ac.kr/data/cms/store/mc/Phys14DR/ZH_HToBB_ZToLL_M-125_13TeV_powheg-herwigpp/MINIAODSIM/PU20bx25_tsg_PHYS14_25_V1-v1/40000/A8740B98-77A5-E411-AA4C-002590DB918C.root could not be opened.
	Fallback Input file root://xrootd-cms.infn.it:1194//store/mc/Phys14DR/ZH_HToBB_ZToLL_M-125_13TeV_powheg-herwigpp/MINIAODSIM/PU20bx25_tsg_PHYS14_25_V1-v1/40000/A8740B98-77A5-E411-AA4C-002590DB918C.root also could not be opened.
	      [b] XrdClient::Open(name='root://xrootd-cms.infn.it:1194//store/mc/Phys14DR/ZH_HToBB_ZToLL_M-125_13TeV_powheg-herwigpp/MINIAODSIM/PU20bx25_tsg_PHYS14_25_V1-v1/40000/A8740B98-77A5-E411-AA4C-002590DB918C.root', flags=0x10, permissions=0666) => error '' (errno=10000)
	      [c] Operation timeout expired.  This is possibly a temporary issue which may go away on retry.
	      [d] Current server connection: root://xrootd-cms.infn.it:1094//store/mc/Phys14DR/ZH_HToBB_ZToLL_M-125_13TeV_powheg-herwigpp/MINIAODSIM/PU20bx25_tsg_PHYS14_25_V1-v1/40000/A8740B98-77A5-E411-AA4C-002590DB918C.root
	
1 jobs failed with exit code 8021:
	CmsRunFailure
	CMSSW error message follows.
	Fatal Exception
	An exception of category 'FileReadError' occurred while
	   [0] Processing run: 1 lumi: 1387 event: 110449
	   [1] Running path 'p'
	   [2] Calling event method for module MiniAnalyzer/'demo'
	   [3] Reading branch recoGenJets_slimmedGenJets__PAT.
	   [4] Calling XrdFile::readv()
	Exception Message:
	XrdFile::readv(name='root://xrootd-cms.infn.it:1194//store/mc/Phys14DR/ZH_HToBB_ZToLL_M-125_13TeV_powheg-herwigpp/MINIAODSIM/PU20bx25_tsg_PHYS14_25_V1-v1/40000/8E33A2C0-77A5-E411-8D43-002481E0DDBE.root').size=2204 Chunk of 1085149 requested but 0 bytes returned by server.
	   Additional Info:
	      [a] Operation timeout expired.  This is possibly a temporary issue which may go away on retry.
	      [b] Current server connection: root://dpmdisk02.inr.troitsk.ru:1095//store/mc/Phys14DR/ZH_HToBB_ZToLL_M-125_13TeV_powheg-herwigpp/MINIAODSIM/PU20bx25_tsg_PHYS14_25_V1-v1/40000/8E33A2C0-77A5-E411-8D43-002481E0DDBE.root
	
1 jobs failed with exit code 8022:
	CmsRunFailure
	CMSSW error message follows.
	Fatal Exception
	An exception of category 'FatalRootError' occurred while
	   [0] Constructing the EventProcessor
	   [1] Constructing input source of type PoolSource
	   Additional Info:
	      [a] Fatal Root Error: @SUB=TKey::ReadFile
	Failed to read data.
	
Have a look at https://twiki.cern.ch/twiki/bin/viewauth/CMSPublic/JobExitCodes for a description of the exit codes
